00:07:36.089 [main] INFO - 1. Connection opened. {executed in 92ms} 

00:07:36.091 [main] INFO - 1. Connection.new Connection returned 

00:07:36.091 [main] INFO - 1. Connection.getAutoCommit() returned true

00:07:36.093 [main] INFO - 1. Connection.getMetaData() returned dbMeta0: conn0: url=jdbc:h2:mem:test user=SA

00:07:36.137 [main] INFO - 1. Connection.getCatalog() returned TEST

00:07:36.138 [main] INFO - 1. Connection.getMetaData() returned dbMeta1: conn0: url=jdbc:h2:mem:test user=SA

00:07:36.361 [main] INFO - 1. Connection.getAutoCommit() returned true

00:07:36.361 [main] INFO - 1. Connection.getAutoCommit() returned true

00:07:36.363 [main] INFO - 1. Statement.new Statement returned 

00:07:36.363 [main] INFO - 1. Connection.createStatement() returned net.sf.log4jdbc.sql.jdbcapi.StatementSpy@4fe22deb

00:07:36.367 [main] ERROR - 1. Statement.executeUpdate(
    alter table Employee 
        drop constraint FK_1ad07dcf050d44b5a2b586d4404) FAILED! alter table Employee drop constraint FK_1ad07dcf050d44b5a2b586d4404  {FAILED after 3 ms}
org.h2.jdbc.JdbcSQLException: Table "EMPLOYEE" not found; SQL statement:

    alter table Employee 
        drop constraint FK_1ad07dcf050d44b5a2b586d4404 [42102-159]
	at org.h2.message.DbException.getJdbcSQLException(DbException.java:329)
	at org.h2.message.DbException.get(DbException.java:169)
	at org.h2.message.DbException.get(DbException.java:146)
	at org.h2.command.Parser.readTableOrView(Parser.java:4747)
	at org.h2.command.Parser.readTableOrView(Parser.java:4725)
	at org.h2.command.Parser.parseAlterTable(Parser.java:4798)
	at org.h2.command.Parser.parseAlter(Parser.java:4309)
	at org.h2.command.Parser.parsePrepared(Parser.java:306)
	at org.h2.command.Parser.parse(Parser.java:279)
	at org.h2.command.Parser.parse(Parser.java:251)
	at org.h2.command.Parser.prepareCommand(Parser.java:217)
	at org.h2.engine.Session.prepareLocal(Session.java:415)
	at org.h2.engine.Session.prepareCommand(Session.java:364)
	at org.h2.jdbc.JdbcConnection.prepareCommand(JdbcConnection.java:1119)
	at org.h2.jdbc.JdbcStatement.executeUpdateInternal(JdbcStatement.java:121)
	at org.h2.jdbc.JdbcStatement.executeUpdate(JdbcStatement.java:110)
	at net.sf.log4jdbc.sql.jdbcapi.StatementSpy.executeUpdate(StatementSpy.java:767)
	at org.hibernate.tool.hbm2ddl.DatabaseExporter.export(DatabaseExporter.java:64)
	at org.hibernate.tool.hbm2ddl.SchemaExport.perform(SchemaExport.java:418)
	at org.hibernate.tool.hbm2ddl.SchemaExport.execute(SchemaExport.java:372)
	at org.hibernate.tool.hbm2ddl.SchemaExport.create(SchemaExport.java:304)
	at org.hibernate.tool.hbm2ddl.SchemaExport.create(SchemaExport.java:293)
	at org.hibernate.internal.SessionFactoryImpl.<init>(SessionFactoryImpl.java:500)
	at org.hibernate.cfg.Configuration.buildSessionFactory(Configuration.java:1760)
	at org.hibernate.ejb.EntityManagerFactoryImpl.<init>(EntityManagerFactoryImpl.java:96)
	at org.hibernate.ejb.Ejb3Configuration.buildEntityManagerFactory(Ejb3Configuration.java:913)
	at org.hibernate.ejb.Ejb3Configuration.buildEntityManagerFactory(Ejb3Configuration.java:898)
	at org.hibernate.ejb.HibernatePersistence.createEntityManagerFactory(HibernatePersistence.java:59)
	at javax.persistence.Persistence.createEntityManagerFactory(Persistence.java:63)
	at javax.persistence.Persistence.createEntityManagerFactory(Persistence.java:47)
	at jpaworkshop.test.ExplorationTest.setUp(ExplorationTest.java:30)
	at sun.reflect.NativeMethodAccessorImpl.invoke0(Native Method)
	at sun.reflect.NativeMethodAccessorImpl.invoke(NativeMethodAccessorImpl.java:57)
	at sun.reflect.DelegatingMethodAccessorImpl.invoke(DelegatingMethodAccessorImpl.java:43)
	at java.lang.reflect.Method.invoke(Method.java:606)
	at org.junit.runners.model.FrameworkMethod$1.runReflectiveCall(FrameworkMethod.java:44)
	at org.junit.internal.runners.model.ReflectiveCallable.run(ReflectiveCallable.java:15)
	at org.junit.runners.model.FrameworkMethod.invokeExplosively(FrameworkMethod.java:41)
	at org.junit.internal.runners.statements.RunBefores.evaluate(RunBefores.java:27)
	at org.junit.internal.runners.statements.RunAfters.evaluate(RunAfters.java:31)
	at org.junit.runners.BlockJUnit4ClassRunner.runChild(BlockJUnit4ClassRunner.java:76)
	at org.junit.runners.BlockJUnit4ClassRunner.runChild(BlockJUnit4ClassRunner.java:50)
	at org.junit.runners.ParentRunner$3.run(ParentRunner.java:193)
	at org.junit.runners.ParentRunner$1.schedule(ParentRunner.java:52)
	at org.junit.runners.ParentRunner.runChildren(ParentRunner.java:191)
	at org.junit.runners.ParentRunner.access$000(ParentRunner.java:42)
	at org.junit.runners.ParentRunner$2.evaluate(ParentRunner.java:184)
	at org.junit.runners.ParentRunner.run(ParentRunner.java:236)
	at org.apache.maven.surefire.junit4.JUnit4TestSet.execute(JUnit4TestSet.java:53)
	at org.apache.maven.surefire.junit4.JUnit4Provider.executeTestSet(JUnit4Provider.java:123)
	at org.apache.maven.surefire.junit4.JUnit4Provider.invoke(JUnit4Provider.java:104)
	at sun.reflect.NativeMethodAccessorImpl.invoke0(Native Method)
	at sun.reflect.NativeMethodAccessorImpl.invoke(NativeMethodAccessorImpl.java:57)
	at sun.reflect.DelegatingMethodAccessorImpl.invoke(DelegatingMethodAccessorImpl.java:43)
	at java.lang.reflect.Method.invoke(Method.java:606)
	at org.apache.maven.surefire.util.ReflectionUtils.invokeMethodWithArray(ReflectionUtils.java:164)
	at org.apache.maven.surefire.booter.ProviderFactory$ProviderProxy.invoke(ProviderFactory.java:110)
	at org.apache.maven.surefire.booter.SurefireStarter.invokeProvider(SurefireStarter.java:172)
	at org.apache.maven.surefire.booter.SurefireStarter.runSuitesInProcessWhenForked(SurefireStarter.java:104)
	at org.apache.maven.surefire.booter.ForkedBooter.main(ForkedBooter.java:70)

00:07:36.369 [main] ERROR - 1. Statement.executeUpdate(
    alter table Employee 
        drop constraint FK_1c985844dd7e40dd9466a46ac40) FAILED! alter table Employee drop constraint FK_1c985844dd7e40dd9466a46ac40  {FAILED after 0 ms}
org.h2.jdbc.JdbcSQLException: Table "EMPLOYEE" not found; SQL statement:

    alter table Employee 
        drop constraint FK_1c985844dd7e40dd9466a46ac40 [42102-159]
	at org.h2.message.DbException.getJdbcSQLException(DbException.java:329)
	at org.h2.message.DbException.get(DbException.java:169)
	at org.h2.message.DbException.get(DbException.java:146)
	at org.h2.command.Parser.readTableOrView(Parser.java:4747)
	at org.h2.command.Parser.readTableOrView(Parser.java:4725)
	at org.h2.command.Parser.parseAlterTable(Parser.java:4798)
	at org.h2.command.Parser.parseAlter(Parser.java:4309)
	at org.h2.command.Parser.parsePrepared(Parser.java:306)
	at org.h2.command.Parser.parse(Parser.java:279)
	at org.h2.command.Parser.parse(Parser.java:251)
	at org.h2.command.Parser.prepareCommand(Parser.java:217)
	at org.h2.engine.Session.prepareLocal(Session.java:415)
	at org.h2.engine.Session.prepareCommand(Session.java:364)
	at org.h2.jdbc.JdbcConnection.prepareCommand(JdbcConnection.java:1119)
	at org.h2.jdbc.JdbcStatement.executeUpdateInternal(JdbcStatement.java:121)
	at org.h2.jdbc.JdbcStatement.executeUpdate(JdbcStatement.java:110)
	at net.sf.log4jdbc.sql.jdbcapi.StatementSpy.executeUpdate(StatementSpy.java:767)
	at org.hibernate.tool.hbm2ddl.DatabaseExporter.export(DatabaseExporter.java:64)
	at org.hibernate.tool.hbm2ddl.SchemaExport.perform(SchemaExport.java:418)
	at org.hibernate.tool.hbm2ddl.SchemaExport.execute(SchemaExport.java:372)
	at org.hibernate.tool.hbm2ddl.SchemaExport.create(SchemaExport.java:304)
	at org.hibernate.tool.hbm2ddl.SchemaExport.create(SchemaExport.java:293)
	at org.hibernate.internal.SessionFactoryImpl.<init>(SessionFactoryImpl.java:500)
	at org.hibernate.cfg.Configuration.buildSessionFactory(Configuration.java:1760)
	at org.hibernate.ejb.EntityManagerFactoryImpl.<init>(EntityManagerFactoryImpl.java:96)
	at org.hibernate.ejb.Ejb3Configuration.buildEntityManagerFactory(Ejb3Configuration.java:913)
	at org.hibernate.ejb.Ejb3Configuration.buildEntityManagerFactory(Ejb3Configuration.java:898)
	at org.hibernate.ejb.HibernatePersistence.createEntityManagerFactory(HibernatePersistence.java:59)
	at javax.persistence.Persistence.createEntityManagerFactory(Persistence.java:63)
	at javax.persistence.Persistence.createEntityManagerFactory(Persistence.java:47)
	at jpaworkshop.test.ExplorationTest.setUp(ExplorationTest.java:30)
	at sun.reflect.NativeMethodAccessorImpl.invoke0(Native Method)
	at sun.reflect.NativeMethodAccessorImpl.invoke(NativeMethodAccessorImpl.java:57)
	at sun.reflect.DelegatingMethodAccessorImpl.invoke(DelegatingMethodAccessorImpl.java:43)
	at java.lang.reflect.Method.invoke(Method.java:606)
	at org.junit.runners.model.FrameworkMethod$1.runReflectiveCall(FrameworkMethod.java:44)
	at org.junit.internal.runners.model.ReflectiveCallable.run(ReflectiveCallable.java:15)
	at org.junit.runners.model.FrameworkMethod.invokeExplosively(FrameworkMethod.java:41)
	at org.junit.internal.runners.statements.RunBefores.evaluate(RunBefores.java:27)
	at org.junit.internal.runners.statements.RunAfters.evaluate(RunAfters.java:31)
	at org.junit.runners.BlockJUnit4ClassRunner.runChild(BlockJUnit4ClassRunner.java:76)
	at org.junit.runners.BlockJUnit4ClassRunner.runChild(BlockJUnit4ClassRunner.java:50)
	at org.junit.runners.ParentRunner$3.run(ParentRunner.java:193)
	at org.junit.runners.ParentRunner$1.schedule(ParentRunner.java:52)
	at org.junit.runners.ParentRunner.runChildren(ParentRunner.java:191)
	at org.junit.runners.ParentRunner.access$000(ParentRunner.java:42)
	at org.junit.runners.ParentRunner$2.evaluate(ParentRunner.java:184)
	at org.junit.runners.ParentRunner.run(ParentRunner.java:236)
	at org.apache.maven.surefire.junit4.JUnit4TestSet.execute(JUnit4TestSet.java:53)
	at org.apache.maven.surefire.junit4.JUnit4Provider.executeTestSet(JUnit4Provider.java:123)
	at org.apache.maven.surefire.junit4.JUnit4Provider.invoke(JUnit4Provider.java:104)
	at sun.reflect.NativeMethodAccessorImpl.invoke0(Native Method)
	at sun.reflect.NativeMethodAccessorImpl.invoke(NativeMethodAccessorImpl.java:57)
	at sun.reflect.DelegatingMethodAccessorImpl.invoke(DelegatingMethodAccessorImpl.java:43)
	at java.lang.reflect.Method.invoke(Method.java:606)
	at org.apache.maven.surefire.util.ReflectionUtils.invokeMethodWithArray(ReflectionUtils.java:164)
	at org.apache.maven.surefire.booter.ProviderFactory$ProviderProxy.invoke(ProviderFactory.java:110)
	at org.apache.maven.surefire.booter.SurefireStarter.invokeProvider(SurefireStarter.java:172)
	at org.apache.maven.surefire.booter.SurefireStarter.runSuitesInProcessWhenForked(SurefireStarter.java:104)
	at org.apache.maven.surefire.booter.ForkedBooter.main(ForkedBooter.java:70)

00:07:36.370 [main] ERROR - 1. Statement.executeUpdate(
    alter table Phone 
        drop constraint FK_d5b71963ef714eabaa2b660841c) FAILED! alter table Phone drop constraint FK_d5b71963ef714eabaa2b660841c  {FAILED after 0 ms}
org.h2.jdbc.JdbcSQLException: Table "PHONE" not found; SQL statement:

    alter table Phone 
        drop constraint FK_d5b71963ef714eabaa2b660841c [42102-159]
	at org.h2.message.DbException.getJdbcSQLException(DbException.java:329)
	at org.h2.message.DbException.get(DbException.java:169)
	at org.h2.message.DbException.get(DbException.java:146)
	at org.h2.command.Parser.readTableOrView(Parser.java:4747)
	at org.h2.command.Parser.readTableOrView(Parser.java:4725)
	at org.h2.command.Parser.parseAlterTable(Parser.java:4798)
	at org.h2.command.Parser.parseAlter(Parser.java:4309)
	at org.h2.command.Parser.parsePrepared(Parser.java:306)
	at org.h2.command.Parser.parse(Parser.java:279)
	at org.h2.command.Parser.parse(Parser.java:251)
	at org.h2.command.Parser.prepareCommand(Parser.java:217)
	at org.h2.engine.Session.prepareLocal(Session.java:415)
	at org.h2.engine.Session.prepareCommand(Session.java:364)
	at org.h2.jdbc.JdbcConnection.prepareCommand(JdbcConnection.java:1119)
	at org.h2.jdbc.JdbcStatement.executeUpdateInternal(JdbcStatement.java:121)
	at org.h2.jdbc.JdbcStatement.executeUpdate(JdbcStatement.java:110)
	at net.sf.log4jdbc.sql.jdbcapi.StatementSpy.executeUpdate(StatementSpy.java:767)
	at org.hibernate.tool.hbm2ddl.DatabaseExporter.export(DatabaseExporter.java:64)
	at org.hibernate.tool.hbm2ddl.SchemaExport.perform(SchemaExport.java:418)
	at org.hibernate.tool.hbm2ddl.SchemaExport.execute(SchemaExport.java:372)
	at org.hibernate.tool.hbm2ddl.SchemaExport.create(SchemaExport.java:304)
	at org.hibernate.tool.hbm2ddl.SchemaExport.create(SchemaExport.java:293)
	at org.hibernate.internal.SessionFactoryImpl.<init>(SessionFactoryImpl.java:500)
	at org.hibernate.cfg.Configuration.buildSessionFactory(Configuration.java:1760)
	at org.hibernate.ejb.EntityManagerFactoryImpl.<init>(EntityManagerFactoryImpl.java:96)
	at org.hibernate.ejb.Ejb3Configuration.buildEntityManagerFactory(Ejb3Configuration.java:913)
	at org.hibernate.ejb.Ejb3Configuration.buildEntityManagerFactory(Ejb3Configuration.java:898)
	at org.hibernate.ejb.HibernatePersistence.createEntityManagerFactory(HibernatePersistence.java:59)
	at javax.persistence.Persistence.createEntityManagerFactory(Persistence.java:63)
	at javax.persistence.Persistence.createEntityManagerFactory(Persistence.java:47)
	at jpaworkshop.test.ExplorationTest.setUp(ExplorationTest.java:30)
	at sun.reflect.NativeMethodAccessorImpl.invoke0(Native Method)
	at sun.reflect.NativeMethodAccessorImpl.invoke(NativeMethodAccessorImpl.java:57)
	at sun.reflect.DelegatingMethodAccessorImpl.invoke(DelegatingMethodAccessorImpl.java:43)
	at java.lang.reflect.Method.invoke(Method.java:606)
	at org.junit.runners.model.FrameworkMethod$1.runReflectiveCall(FrameworkMethod.java:44)
	at org.junit.internal.runners.model.ReflectiveCallable.run(ReflectiveCallable.java:15)
	at org.junit.runners.model.FrameworkMethod.invokeExplosively(FrameworkMethod.java:41)
	at org.junit.internal.runners.statements.RunBefores.evaluate(RunBefores.java:27)
	at org.junit.internal.runners.statements.RunAfters.evaluate(RunAfters.java:31)
	at org.junit.runners.BlockJUnit4ClassRunner.runChild(BlockJUnit4ClassRunner.java:76)
	at org.junit.runners.BlockJUnit4ClassRunner.runChild(BlockJUnit4ClassRunner.java:50)
	at org.junit.runners.ParentRunner$3.run(ParentRunner.java:193)
	at org.junit.runners.ParentRunner$1.schedule(ParentRunner.java:52)
	at org.junit.runners.ParentRunner.runChildren(ParentRunner.java:191)
	at org.junit.runners.ParentRunner.access$000(ParentRunner.java:42)
	at org.junit.runners.ParentRunner$2.evaluate(ParentRunner.java:184)
	at org.junit.runners.ParentRunner.run(ParentRunner.java:236)
	at org.apache.maven.surefire.junit4.JUnit4TestSet.execute(JUnit4TestSet.java:53)
	at org.apache.maven.surefire.junit4.JUnit4Provider.executeTestSet(JUnit4Provider.java:123)
	at org.apache.maven.surefire.junit4.JUnit4Provider.invoke(JUnit4Provider.java:104)
	at sun.reflect.NativeMethodAccessorImpl.invoke0(Native Method)
	at sun.reflect.NativeMethodAccessorImpl.invoke(NativeMethodAccessorImpl.java:57)
	at sun.reflect.DelegatingMethodAccessorImpl.invoke(DelegatingMethodAccessorImpl.java:43)
	at java.lang.reflect.Method.invoke(Method.java:606)
	at org.apache.maven.surefire.util.ReflectionUtils.invokeMethodWithArray(ReflectionUtils.java:164)
	at org.apache.maven.surefire.booter.ProviderFactory$ProviderProxy.invoke(ProviderFactory.java:110)
	at org.apache.maven.surefire.booter.SurefireStarter.invokeProvider(SurefireStarter.java:172)
	at org.apache.maven.surefire.booter.SurefireStarter.runSuitesInProcessWhenForked(SurefireStarter.java:104)
	at org.apache.maven.surefire.booter.ForkedBooter.main(ForkedBooter.java:70)

00:07:36.371 [main] INFO - 1. drop table Address if exists  {executed in 1 ms}

00:07:36.371 [main] INFO - 1. Statement.executeUpdate(
    drop table Address if exists) returned 0

00:07:36.371 [main] INFO - 1. Statement.getWarnings() returned null

00:07:36.371 [main] INFO - 1. drop table Department if exists  {executed in 0 ms}

00:07:36.372 [main] INFO - 1. Statement.executeUpdate(
    drop table Department if exists) returned 0

00:07:36.372 [main] INFO - 1. Statement.getWarnings() returned null

00:07:36.372 [main] INFO - 1. drop table Employee if exists  {executed in 0 ms}

00:07:36.372 [main] INFO - 1. Statement.executeUpdate(
    drop table Employee if exists) returned 0

00:07:36.372 [main] INFO - 1. Statement.getWarnings() returned null

00:07:36.372 [main] INFO - 1. drop table Phone if exists  {executed in 0 ms}

00:07:36.372 [main] INFO - 1. Statement.executeUpdate(
    drop table Phone if exists) returned 0

00:07:36.372 [main] INFO - 1. Statement.getWarnings() returned null

00:07:36.378 [main] INFO - 1. create table Address ( id integer generated by default as identity, city varchar(255), state 
varchar(255), street varchar(255), zip varchar(255), primary key (id) )  {executed in 6 ms}

00:07:36.379 [main] INFO - 1. Statement.executeUpdate(
    create table Address (
        id integer generated by default as identity,
        city varchar(255),
        state varchar(255),
        street varchar(255),
        zip varchar(255),
        primary key (id)
    )) returned 0

00:07:36.379 [main] INFO - 1. Statement.getWarnings() returned null

00:07:36.379 [main] INFO - 1. create table Department ( id integer generated by default as identity, name varchar(255), primary 
key (id) )  {executed in 0 ms}

00:07:36.380 [main] INFO - 1. Statement.executeUpdate(
    create table Department (
        id integer generated by default as identity,
        name varchar(255),
        primary key (id)
    )) returned 0

00:07:36.380 [main] INFO - 1. Statement.getWarnings() returned null

00:07:36.380 [main] INFO - 1. create table Employee ( id integer generated by default as identity, name varchar(255), salary 
bigint not null, address_id integer, department_id integer, primary key (id) )  {executed in 0 ms}

00:07:36.380 [main] INFO - 1. Statement.executeUpdate(
    create table Employee (
        id integer generated by default as identity,
        name varchar(255),
        salary bigint not null,
        address_id integer,
        department_id integer,
        primary key (id)
    )) returned 0

00:07:36.381 [main] INFO - 1. Statement.getWarnings() returned null

00:07:36.381 [main] INFO - 1. create table Phone ( id integer generated by default as identity, phonenumber varchar(255), 
type varchar(255), employee_id integer, primary key (id) )  {executed in 0 ms}

00:07:36.381 [main] INFO - 1. Statement.executeUpdate(
    create table Phone (
        id integer generated by default as identity,
        phonenumber varchar(255),
        type varchar(255),
        employee_id integer,
        primary key (id)
    )) returned 0

00:07:36.381 [main] INFO - 1. Statement.getWarnings() returned null

00:07:36.388 [main] INFO - 1. alter table Employee add constraint FK_1ad07dcf050d44b5a2b586d4404 foreign key (address_id) 
references Address  {executed in 6 ms}

00:07:36.388 [main] INFO - 1. Statement.executeUpdate(
    alter table Employee 
        add constraint FK_1ad07dcf050d44b5a2b586d4404 
        foreign key (address_id) 
        references Address) returned 0

00:07:36.389 [main] INFO - 1. Statement.getWarnings() returned null

00:07:36.391 [main] INFO - 1. alter table Employee add constraint FK_1c985844dd7e40dd9466a46ac40 foreign key (department_id) 
references Department  {executed in 2 ms}

00:07:36.391 [main] INFO - 1. Statement.executeUpdate(
    alter table Employee 
        add constraint FK_1c985844dd7e40dd9466a46ac40 
        foreign key (department_id) 
        references Department) returned 0

00:07:36.391 [main] INFO - 1. Statement.getWarnings() returned null

00:07:36.393 [main] INFO - 1. alter table Phone add constraint FK_d5b71963ef714eabaa2b660841c foreign key (employee_id) references 
Employee  {executed in 2 ms}

00:07:36.393 [main] INFO - 1. Statement.executeUpdate(
    alter table Phone 
        add constraint FK_d5b71963ef714eabaa2b660841c 
        foreign key (employee_id) 
        references Employee) returned 0

00:07:36.393 [main] INFO - 1. Statement.getWarnings() returned null

00:07:36.393 [main] INFO - 1. Statement.close() returned 

00:07:36.393 [main] INFO - 1. Connection.getWarnings() returned null

00:07:36.393 [main] INFO - 1. Connection.clearWarnings() returned 

00:07:36.464 [main] INFO - 1. Connection.getAutoCommit() returned true

00:07:36.464 [main] INFO - 1. Connection.getAutoCommit() returned true

00:07:36.464 [main] INFO - 1. Connection.setAutoCommit(false) returned 

00:07:36.480 [main] INFO - 1. PreparedStatement.new PreparedStatement returned 

00:07:36.480 [main] INFO - 1. Connection.prepareStatement(insert into Department (id, name) values (null, ?), 1) returned net.sf.log4jdbc.sql.jdbcapi.PreparedStatementSpy@43f66bae

00:07:36.481 [main] INFO - 1. PreparedStatement.setString(1, "PR") returned 

00:07:36.482 [main] INFO - 1. insert into Department (id, name) values (null, 'PR')  {executed in 1 ms}

00:07:36.482 [main] INFO - 1. PreparedStatement.executeUpdate() returned 1

00:07:36.483 [main] INFO - 1. getGeneratedKeys on query: insert into Department (id, name) values (null, 'PR')  {executed in 1 ms}

00:07:36.487 [main] INFO - 1. ResultSet.new ResultSet returned 

00:07:36.487 [main] INFO - 1. PreparedStatement.getGeneratedKeys() returned net.sf.log4jdbc.sql.jdbcapi.ResultSetSpy@3041819a

00:07:36.488 [main] INFO - 1. ResultSet.next() returned true

00:07:36.488 [main] INFO - 1. ResultSet.getMetaData() returned rsMeta1: columns=1

00:07:36.488 [main] INFO - 1. ResultSet.getInt(1) returned 1

00:07:36.488 [main] INFO - 1. ResultSet.getStatement() returned net.sf.log4jdbc.sql.jdbcapi.PreparedStatementSpy@43f66bae

00:07:36.490 [main] INFO - 
|-----------------|
|scope_identity() |
|-----------------|
|1                |
|-----------------|


00:07:36.490 [main] INFO - 1. ResultSet.close() returned void

00:07:36.490 [main] INFO - 1. PreparedStatement.getMaxRows() returned 0

00:07:36.491 [main] INFO - 1. PreparedStatement.getQueryTimeout() returned 0

00:07:36.491 [main] INFO - 1. PreparedStatement.close() returned 

00:07:36.493 [main] INFO - 1. PreparedStatement.new PreparedStatement returned 

00:07:36.494 [main] INFO - 1. Connection.prepareStatement(insert into Employee (id, address_id, department_id, name, salary) values (null, ?, ?, ?, ?), 1) returned net.sf.log4jdbc.sql.jdbcapi.PreparedStatementSpy@3c5a5e89

00:07:36.494 [main] INFO - 1. PreparedStatement.setNull(1, 4) returned 

00:07:36.494 [main] INFO - 1. PreparedStatement.setNull(2, 4) returned 

00:07:36.494 [main] INFO - 1. PreparedStatement.setString(3, "John Doe") returned 

00:07:36.494 [main] INFO - 1. PreparedStatement.setLong(4, 80000) returned 

00:07:36.495 [main] INFO - 1. insert into Employee (id, address_id, department_id, name, salary) values (null, NULL, NULL, 
'John Doe', 80000)  {executed in 1 ms}

00:07:36.495 [main] INFO - 1. PreparedStatement.executeUpdate() returned 1

00:07:36.495 [main] INFO - 1. getGeneratedKeys on query: insert into Employee (id, address_id, department_id, name, salary) 
values (null, NULL, NULL, 'John Doe', 80000)  {executed in 0 ms}

00:07:36.495 [main] INFO - 1. ResultSet.new ResultSet returned 

00:07:36.495 [main] INFO - 1. PreparedStatement.getGeneratedKeys() returned net.sf.log4jdbc.sql.jdbcapi.ResultSetSpy@1e339ce8

00:07:36.495 [main] INFO - 1. ResultSet.next() returned true

00:07:36.495 [main] INFO - 1. ResultSet.getMetaData() returned rsMeta3: columns=1

00:07:36.495 [main] INFO - 1. ResultSet.getInt(1) returned 1

00:07:36.495 [main] INFO - 1. ResultSet.getStatement() returned net.sf.log4jdbc.sql.jdbcapi.PreparedStatementSpy@3c5a5e89

00:07:36.495 [main] INFO - 
|-----------------|
|scope_identity() |
|-----------------|
|1                |
|-----------------|


00:07:36.496 [main] INFO - 1. ResultSet.close() returned void

00:07:36.496 [main] INFO - 1. PreparedStatement.getMaxRows() returned 0

00:07:36.496 [main] INFO - 1. PreparedStatement.getQueryTimeout() returned 0

00:07:36.496 [main] INFO - 1. PreparedStatement.close() returned 

00:07:36.497 [main] INFO - 1. PreparedStatement.new PreparedStatement returned 

00:07:36.497 [main] INFO - 1. Connection.prepareStatement(insert into Employee (id, address_id, department_id, name, salary) values (null, ?, ?, ?, ?), 1) returned net.sf.log4jdbc.sql.jdbcapi.PreparedStatementSpy@1ffd0d9d

00:07:36.497 [main] INFO - 1. PreparedStatement.setNull(1, 4) returned 

00:07:36.497 [main] INFO - 1. PreparedStatement.setNull(2, 4) returned 

00:07:36.497 [main] INFO - 1. PreparedStatement.setString(3, "Jane Dull") returned 

00:07:36.497 [main] INFO - 1. PreparedStatement.setLong(4, 90000) returned 

00:07:36.497 [main] INFO - 1. insert into Employee (id, address_id, department_id, name, salary) values (null, NULL, NULL, 
'Jane Dull', 90000)  {executed in 0 ms}

00:07:36.497 [main] INFO - 1. PreparedStatement.executeUpdate() returned 1

00:07:36.497 [main] INFO - 1. getGeneratedKeys on query: insert into Employee (id, address_id, department_id, name, salary) 
values (null, NULL, NULL, 'Jane Dull', 90000)  {executed in 0 ms}

00:07:36.497 [main] INFO - 1. ResultSet.new ResultSet returned 

00:07:36.497 [main] INFO - 1. PreparedStatement.getGeneratedKeys() returned net.sf.log4jdbc.sql.jdbcapi.ResultSetSpy@1e88ced3

00:07:36.498 [main] INFO - 1. ResultSet.next() returned true

00:07:36.498 [main] INFO - 1. ResultSet.getMetaData() returned rsMeta5: columns=1

00:07:36.498 [main] INFO - 1. ResultSet.getInt(1) returned 2

00:07:36.498 [main] INFO - 1. ResultSet.getStatement() returned net.sf.log4jdbc.sql.jdbcapi.PreparedStatementSpy@1ffd0d9d

00:07:36.498 [main] INFO - 
|-----------------|
|scope_identity() |
|-----------------|
|2                |
|-----------------|


00:07:36.498 [main] INFO - 1. ResultSet.close() returned void

00:07:36.498 [main] INFO - 1. PreparedStatement.getMaxRows() returned 0

00:07:36.499 [main] INFO - 1. PreparedStatement.getQueryTimeout() returned 0

00:07:36.499 [main] INFO - 1. PreparedStatement.close() returned 

00:07:36.500 [main] INFO - 1. PreparedStatement.new PreparedStatement returned 

00:07:36.500 [main] INFO - 1. Connection.prepareStatement(insert into Phone (id, employee_id, phonenumber, type) values (null, ?, ?, ?), 1) returned net.sf.log4jdbc.sql.jdbcapi.PreparedStatementSpy@5b897bdf

00:07:36.500 [main] INFO - 1. PreparedStatement.setInt(1, 1) returned 

00:07:36.500 [main] INFO - 1. PreparedStatement.setString(2, "032 333 33 33") returned 

00:07:36.500 [main] INFO - 1. PreparedStatement.setString(3, "Home") returned 

00:07:36.501 [main] INFO - 1. insert into Phone (id, employee_id, phonenumber, type) values (null, 1, '032 333 33 33', 'Home')  {executed in 1 ms}

00:07:36.501 [main] INFO - 1. PreparedStatement.executeUpdate() returned 1

00:07:36.501 [main] INFO - 1. getGeneratedKeys on query: insert into Phone (id, employee_id, phonenumber, type) values (null, 
1, '032 333 33 33', 'Home')  {executed in 0 ms}

00:07:36.501 [main] INFO - 1. ResultSet.new ResultSet returned 

00:07:36.501 [main] INFO - 1. PreparedStatement.getGeneratedKeys() returned net.sf.log4jdbc.sql.jdbcapi.ResultSetSpy@1f239c6c

00:07:36.501 [main] INFO - 1. ResultSet.next() returned true

00:07:36.501 [main] INFO - 1. ResultSet.getMetaData() returned rsMeta7: columns=1

00:07:36.501 [main] INFO - 1. ResultSet.getInt(1) returned 1

00:07:36.501 [main] INFO - 1. ResultSet.getStatement() returned net.sf.log4jdbc.sql.jdbcapi.PreparedStatementSpy@5b897bdf

00:07:36.501 [main] INFO - 
|-----------------|
|scope_identity() |
|-----------------|
|1                |
|-----------------|


00:07:36.502 [main] INFO - 1. ResultSet.close() returned void

00:07:36.502 [main] INFO - 1. PreparedStatement.getMaxRows() returned 0

00:07:36.502 [main] INFO - 1. PreparedStatement.getQueryTimeout() returned 0

00:07:36.502 [main] INFO - 1. PreparedStatement.close() returned 

00:07:36.503 [main] INFO - 1. PreparedStatement.new PreparedStatement returned 

00:07:36.503 [main] INFO - 1. Connection.prepareStatement(insert into Phone (id, employee_id, phonenumber, type) values (null, ?, ?, ?), 1) returned net.sf.log4jdbc.sql.jdbcapi.PreparedStatementSpy@5af2866c

00:07:36.503 [main] INFO - 1. PreparedStatement.setInt(1, 1) returned 

00:07:36.503 [main] INFO - 1. PreparedStatement.setString(2, "031 999 99 99") returned 

00:07:36.503 [main] INFO - 1. PreparedStatement.setString(3, "Work") returned 

00:07:36.503 [main] INFO - 1. insert into Phone (id, employee_id, phonenumber, type) values (null, 1, '031 999 99 99', 'Work')  {executed in 0 ms}

00:07:36.503 [main] INFO - 1. PreparedStatement.executeUpdate() returned 1

00:07:36.503 [main] INFO - 1. getGeneratedKeys on query: insert into Phone (id, employee_id, phonenumber, type) values (null, 
1, '031 999 99 99', 'Work')  {executed in 0 ms}

00:07:36.503 [main] INFO - 1. ResultSet.new ResultSet returned 

00:07:36.503 [main] INFO - 1. PreparedStatement.getGeneratedKeys() returned net.sf.log4jdbc.sql.jdbcapi.ResultSetSpy@68574b19

00:07:36.503 [main] INFO - 1. ResultSet.next() returned true

00:07:36.503 [main] INFO - 1. ResultSet.getMetaData() returned rsMeta9: columns=1

00:07:36.503 [main] INFO - 1. ResultSet.getInt(1) returned 2

00:07:36.503 [main] INFO - 1. ResultSet.getStatement() returned net.sf.log4jdbc.sql.jdbcapi.PreparedStatementSpy@5af2866c

00:07:36.504 [main] INFO - 
|-----------------|
|scope_identity() |
|-----------------|
|2                |
|-----------------|


00:07:36.504 [main] INFO - 1. ResultSet.close() returned void

00:07:36.504 [main] INFO - 1. PreparedStatement.getMaxRows() returned 0

00:07:36.505 [main] INFO - 1. PreparedStatement.getQueryTimeout() returned 0

00:07:36.505 [main] INFO - 1. PreparedStatement.close() returned 

00:07:36.505 [main] INFO - 1. PreparedStatement.new PreparedStatement returned 

00:07:36.505 [main] INFO - 1. Connection.prepareStatement(insert into Phone (id, employee_id, phonenumber, type) values (null, ?, ?, ?), 1) returned net.sf.log4jdbc.sql.jdbcapi.PreparedStatementSpy@3b038bd3

00:07:36.505 [main] INFO - 1. PreparedStatement.setInt(1, 2) returned 

00:07:36.505 [main] INFO - 1. PreparedStatement.setString(2, "040 333 33 33") returned 

00:07:36.505 [main] INFO - 1. PreparedStatement.setString(3, "Home") returned 

00:07:36.505 [main] INFO - 1. insert into Phone (id, employee_id, phonenumber, type) values (null, 2, '040 333 33 33', 'Home')  {executed in 0 ms}

00:07:36.505 [main] INFO - 1. PreparedStatement.executeUpdate() returned 1

00:07:36.505 [main] INFO - 1. getGeneratedKeys on query: insert into Phone (id, employee_id, phonenumber, type) values (null, 
2, '040 333 33 33', 'Home')  {executed in 0 ms}

00:07:36.505 [main] INFO - 1. ResultSet.new ResultSet returned 

00:07:36.505 [main] INFO - 1. PreparedStatement.getGeneratedKeys() returned net.sf.log4jdbc.sql.jdbcapi.ResultSetSpy@65d0e7e9

00:07:36.506 [main] INFO - 1. ResultSet.next() returned true

00:07:36.506 [main] INFO - 1. ResultSet.getMetaData() returned rsMeta11: columns=1

00:07:36.506 [main] INFO - 1. ResultSet.getInt(1) returned 3

00:07:36.506 [main] INFO - 1. ResultSet.getStatement() returned net.sf.log4jdbc.sql.jdbcapi.PreparedStatementSpy@3b038bd3

00:07:36.506 [main] INFO - 
|-----------------|
|scope_identity() |
|-----------------|
|3                |
|-----------------|


00:07:36.506 [main] INFO - 1. ResultSet.close() returned void

00:07:36.506 [main] INFO - 1. PreparedStatement.getMaxRows() returned 0

00:07:36.507 [main] INFO - 1. PreparedStatement.getQueryTimeout() returned 0

00:07:36.507 [main] INFO - 1. PreparedStatement.close() returned 

00:07:36.507 [main] INFO - 1. PreparedStatement.new PreparedStatement returned 

00:07:36.507 [main] INFO - 1. Connection.prepareStatement(insert into Phone (id, employee_id, phonenumber, type) values (null, ?, ?, ?), 1) returned net.sf.log4jdbc.sql.jdbcapi.PreparedStatementSpy@7629a637

00:07:36.507 [main] INFO - 1. PreparedStatement.setInt(1, 2) returned 

00:07:36.507 [main] INFO - 1. PreparedStatement.setString(2, "040 999 99 99") returned 

00:07:36.507 [main] INFO - 1. PreparedStatement.setString(3, "Work") returned 

00:07:36.507 [main] INFO - 1. insert into Phone (id, employee_id, phonenumber, type) values (null, 2, '040 999 99 99', 'Work')  {executed in 0 ms}

00:07:36.507 [main] INFO - 1. PreparedStatement.executeUpdate() returned 1

00:07:36.507 [main] INFO - 1. getGeneratedKeys on query: insert into Phone (id, employee_id, phonenumber, type) values (null, 
2, '040 999 99 99', 'Work')  {executed in 0 ms}

00:07:36.508 [main] INFO - 1. ResultSet.new ResultSet returned 

00:07:36.508 [main] INFO - 1. PreparedStatement.getGeneratedKeys() returned net.sf.log4jdbc.sql.jdbcapi.ResultSetSpy@285fa17c

00:07:36.508 [main] INFO - 1. ResultSet.next() returned true

00:07:36.508 [main] INFO - 1. ResultSet.getMetaData() returned rsMeta13: columns=1

00:07:36.508 [main] INFO - 1. ResultSet.getInt(1) returned 4

00:07:36.508 [main] INFO - 1. ResultSet.getStatement() returned net.sf.log4jdbc.sql.jdbcapi.PreparedStatementSpy@7629a637

00:07:36.508 [main] INFO - 
|-----------------|
|scope_identity() |
|-----------------|
|4                |
|-----------------|


00:07:36.508 [main] INFO - 1. ResultSet.close() returned void

00:07:36.508 [main] INFO - 1. PreparedStatement.getMaxRows() returned 0

00:07:36.509 [main] INFO - 1. PreparedStatement.getQueryTimeout() returned 0

00:07:36.509 [main] INFO - 1. PreparedStatement.close() returned 

00:07:36.519 [main] INFO - 1. PreparedStatement.new PreparedStatement returned 

00:07:36.519 [main] INFO - 1. Connection.prepareStatement(update Employee set address_id=?, department_id=?, name=?, salary=? where id=?) returned net.sf.log4jdbc.sql.jdbcapi.PreparedStatementSpy@ab8a136

00:07:36.519 [main] INFO - 1. PreparedStatement.setNull(1, 4) returned 

00:07:36.519 [main] INFO - 1. PreparedStatement.setInt(2, 1) returned 

00:07:36.519 [main] INFO - 1. PreparedStatement.setString(3, "John Doe") returned 

00:07:36.519 [main] INFO - 1. PreparedStatement.setLong(4, 80000) returned 

00:07:36.519 [main] INFO - 1. PreparedStatement.setInt(5, 1) returned 

00:07:36.520 [main] INFO - 1. update Employee set address_id=NULL, department_id=1, name='John Doe', salary=80000 where id=1  {executed in 1 ms}

00:07:36.520 [main] INFO - 1. PreparedStatement.executeUpdate() returned 1

00:07:36.520 [main] INFO - 1. PreparedStatement.getMaxRows() returned 0

00:07:36.521 [main] INFO - 1. PreparedStatement.getQueryTimeout() returned 0

00:07:36.521 [main] INFO - 1. PreparedStatement.close() returned 

00:07:36.522 [main] INFO - 1. PreparedStatement.new PreparedStatement returned 

00:07:36.522 [main] INFO - 1. Connection.prepareStatement(update Employee set address_id=?, department_id=?, name=?, salary=? where id=?) returned net.sf.log4jdbc.sql.jdbcapi.PreparedStatementSpy@486e8b86

00:07:36.522 [main] INFO - 1. PreparedStatement.setNull(1, 4) returned 

00:07:36.522 [main] INFO - 1. PreparedStatement.setInt(2, 1) returned 

00:07:36.522 [main] INFO - 1. PreparedStatement.setString(3, "Jane Dull") returned 

00:07:36.522 [main] INFO - 1. PreparedStatement.setLong(4, 90000) returned 

00:07:36.522 [main] INFO - 1. PreparedStatement.setInt(5, 2) returned 

00:07:36.522 [main] INFO - 1. update Employee set address_id=NULL, department_id=1, name='Jane Dull', salary=90000 where 
id=2  {executed in 0 ms}

00:07:36.522 [main] INFO - 1. PreparedStatement.executeUpdate() returned 1

00:07:36.522 [main] INFO - 1. PreparedStatement.getMaxRows() returned 0

00:07:36.523 [main] INFO - 1. PreparedStatement.getQueryTimeout() returned 0

00:07:36.523 [main] INFO - 1. PreparedStatement.close() returned 

00:07:36.526 [main] INFO - 1. Connection.commit() returned 

00:07:36.526 [main] INFO - 1. Connection.setAutoCommit(true) returned 

00:07:36.528 [main] INFO - 1. Connection.getAutoCommit() returned true

00:07:36.528 [main] INFO - 1. Connection.setAutoCommit(false) returned 

00:07:36.593 [main] INFO - 1. PreparedStatement.new PreparedStatement returned 

00:07:36.593 [main] INFO - 1. Connection.prepareStatement(select department0_.id as id1_1_, department0_.name as name2_1_ from Department department0_ where department0_.id=?) returned net.sf.log4jdbc.sql.jdbcapi.PreparedStatementSpy@78cbe299

00:07:36.593 [main] INFO - 1. PreparedStatement.setInt(1, 1) returned 

00:07:36.593 [main] INFO - 1. select department0_.id as id1_1_, department0_.name as name2_1_ from Department department0_ 
where department0_.id=1  {executed in 0 ms}

00:07:36.593 [main] INFO - 1. ResultSet.new ResultSet returned 

00:07:36.594 [main] INFO - 1. PreparedStatement.executeQuery() returned net.sf.log4jdbc.sql.jdbcapi.ResultSetSpy@5a28ac4e

00:07:36.594 [main] INFO - 1. ResultSet.next() returned true

00:07:36.594 [main] INFO - 1. ResultSet.getInt(id1_1_) returned 1

00:07:36.595 [main] INFO - 1. ResultSet.wasNull() returned false

00:07:36.596 [main] INFO - 1. ResultSet.getString(name2_1_) returned PR

00:07:36.596 [main] INFO - 1. ResultSet.wasNull() returned false

00:07:36.596 [main] INFO - 
|---|-----|
|id |name |
|---|-----|
|1  |PR   |
|---|-----|


00:07:36.596 [main] INFO - 1. ResultSet.next() returned false

00:07:36.598 [main] INFO - 1. ResultSet.close() returned void

00:07:36.598 [main] INFO - 1. PreparedStatement.getMaxRows() returned 0

00:07:36.598 [main] INFO - 1. PreparedStatement.getQueryTimeout() returned 0

00:07:36.598 [main] INFO - 1. PreparedStatement.close() returned 

00:07:36.607 [main] INFO - 1. PreparedStatement.new PreparedStatement returned 

00:07:36.607 [main] INFO - 1. Connection.prepareStatement(select employees0_.department_id as departme5_1_1_, employees0_.id as id1_2_1_, employees0_.id as id1_2_0_, employees0_.address_id as address4_2_0_, employees0_.department_id as departme5_2_0_, employees0_.name as name2_2_0_, employees0_.salary as salary3_2_0_ from Employee employees0_ where employees0_.department_id=? order by employees0_.name desc) returned net.sf.log4jdbc.sql.jdbcapi.PreparedStatementSpy@571b019b

00:07:36.608 [main] INFO - 1. PreparedStatement.setInt(1, 1) returned 

00:07:36.608 [main] INFO - 1. select employees0_.department_id as departme5_1_1_, employees0_.id as id1_2_1_, employees0_.id 
as id1_2_0_, employees0_.address_id as address4_2_0_, employees0_.department_id as departme5_2_0_, 
employees0_.name as name2_2_0_, employees0_.salary as salary3_2_0_ from Employee employees0_ 
where employees0_.department_id=1 order by employees0_.name desc  {executed in 0 ms}

00:07:36.608 [main] INFO - 1. ResultSet.new ResultSet returned 

00:07:36.608 [main] INFO - 1. PreparedStatement.executeQuery() returned net.sf.log4jdbc.sql.jdbcapi.ResultSetSpy@2e0693ca

00:07:36.610 [main] INFO - 1. ResultSet.next() returned true

00:07:36.610 [main] INFO - 1. ResultSet.getInt(id1_2_0_) returned 1

00:07:36.610 [main] INFO - 1. ResultSet.wasNull() returned false

00:07:36.610 [main] INFO - 1. ResultSet.getInt(address4_2_0_) returned 0

00:07:36.610 [main] INFO - 1. ResultSet.wasNull() returned true

00:07:36.610 [main] INFO - 1. ResultSet.getInt(departme5_2_0_) returned 1

00:07:36.610 [main] INFO - 1. ResultSet.wasNull() returned false

00:07:36.610 [main] INFO - 1. ResultSet.getString(name2_2_0_) returned John Doe

00:07:36.610 [main] INFO - 1. ResultSet.wasNull() returned false

00:07:36.611 [main] INFO - 1. ResultSet.getLong(salary3_2_0_) returned 80000

00:07:36.611 [main] INFO - 1. ResultSet.wasNull() returned false

00:07:36.611 [main] INFO - 1. ResultSet.getInt(departme5_1_1_) returned 1

00:07:36.611 [main] INFO - 1. ResultSet.wasNull() returned false

00:07:36.611 [main] INFO - 1. ResultSet.getInt(id1_2_1_) returned 1

00:07:36.611 [main] INFO - 1. ResultSet.wasNull() returned false

00:07:36.612 [main] INFO - 1. ResultSet.next() returned true

00:07:36.612 [main] INFO - 1. ResultSet.getInt(id1_2_0_) returned 2

00:07:36.612 [main] INFO - 1. ResultSet.wasNull() returned false

00:07:36.613 [main] INFO - 1. ResultSet.getInt(address4_2_0_) returned 0

00:07:36.613 [main] INFO - 1. ResultSet.wasNull() returned true

00:07:36.613 [main] INFO - 1. ResultSet.getInt(departme5_2_0_) returned 1

00:07:36.613 [main] INFO - 1. ResultSet.wasNull() returned false

00:07:36.613 [main] INFO - 1. ResultSet.getString(name2_2_0_) returned Jane Dull

00:07:36.613 [main] INFO - 1. ResultSet.wasNull() returned false

00:07:36.613 [main] INFO - 1. ResultSet.getLong(salary3_2_0_) returned 90000

00:07:36.613 [main] INFO - 1. ResultSet.wasNull() returned false

00:07:36.613 [main] INFO - 1. ResultSet.getInt(departme5_1_1_) returned 1

00:07:36.613 [main] INFO - 1. ResultSet.wasNull() returned false

00:07:36.613 [main] INFO - 1. ResultSet.getInt(id1_2_1_) returned 2

00:07:36.613 [main] INFO - 1. ResultSet.wasNull() returned false

00:07:36.616 [main] INFO - 
|--------------|---|---|-----------|--------------|----------|-------|
|department_id |id |id |address_id |department_id |name      |salary |
|--------------|---|---|-----------|--------------|----------|-------|
|1             |1  |1  |[null]     |1             |John Doe  |80000  |
|1             |2  |2  |[null]     |1             |Jane Dull |90000  |
|--------------|---|---|-----------|--------------|----------|-------|


00:07:36.616 [main] INFO - 1. ResultSet.next() returned false

00:07:36.616 [main] INFO - 1. ResultSet.close() returned void

00:07:36.616 [main] INFO - 1. PreparedStatement.getMaxRows() returned 0

00:07:36.617 [main] INFO - 1. PreparedStatement.getQueryTimeout() returned 0

00:07:36.617 [main] INFO - 1. PreparedStatement.close() returned 

00:07:36.618 [main] INFO - 1. PreparedStatement.new PreparedStatement returned 

00:07:36.618 [main] INFO - 1. Connection.prepareStatement(select phones0_.employee_id as employee4_2_1_, phones0_.id as id1_3_1_, phones0_.id as id1_3_0_, phones0_.employee_id as employee4_3_0_, phones0_.phonenumber as phonenum2_3_0_, phones0_.type as type3_3_0_ from Phone phones0_ where phones0_.employee_id=?) returned net.sf.log4jdbc.sql.jdbcapi.PreparedStatementSpy@e5e2bd7

00:07:36.618 [main] INFO - 1. PreparedStatement.setInt(1, 1) returned 

00:07:36.618 [main] INFO - 1. select phones0_.employee_id as employee4_2_1_, phones0_.id as id1_3_1_, phones0_.id as id1_3_0_, 
phones0_.employee_id as employee4_3_0_, phones0_.phonenumber as phonenum2_3_0_, phones0_.type 
as type3_3_0_ from Phone phones0_ where phones0_.employee_id=1  {executed in 0 ms}

00:07:36.618 [main] INFO - 1. ResultSet.new ResultSet returned 

00:07:36.618 [main] INFO - 1. PreparedStatement.executeQuery() returned net.sf.log4jdbc.sql.jdbcapi.ResultSetSpy@4890379f

00:07:36.618 [main] INFO - 1. ResultSet.next() returned true

00:07:36.618 [main] INFO - 1. ResultSet.getInt(id1_3_0_) returned 1

00:07:36.618 [main] INFO - 1. ResultSet.wasNull() returned false

00:07:36.618 [main] INFO - 1. ResultSet.getInt(employee4_3_0_) returned 1

00:07:36.618 [main] INFO - 1. ResultSet.wasNull() returned false

00:07:36.619 [main] INFO - 1. ResultSet.getString(phonenum2_3_0_) returned 032 333 33 33

00:07:36.619 [main] INFO - 1. ResultSet.wasNull() returned false

00:07:36.619 [main] INFO - 1. ResultSet.getString(type3_3_0_) returned Home

00:07:36.619 [main] INFO - 1. ResultSet.wasNull() returned false

00:07:36.619 [main] INFO - 1. ResultSet.getInt(employee4_2_1_) returned 1

00:07:36.619 [main] INFO - 1. ResultSet.wasNull() returned false

00:07:36.619 [main] INFO - 1. ResultSet.getInt(id1_3_1_) returned 1

00:07:36.619 [main] INFO - 1. ResultSet.wasNull() returned false

00:07:36.619 [main] INFO - 1. ResultSet.next() returned true

00:07:36.619 [main] INFO - 1. ResultSet.getInt(id1_3_0_) returned 2

00:07:36.619 [main] INFO - 1. ResultSet.wasNull() returned false

00:07:36.619 [main] INFO - 1. ResultSet.getInt(employee4_3_0_) returned 1

00:07:36.619 [main] INFO - 1. ResultSet.wasNull() returned false

00:07:36.619 [main] INFO - 1. ResultSet.getString(phonenum2_3_0_) returned 031 999 99 99

00:07:36.619 [main] INFO - 1. ResultSet.wasNull() returned false

00:07:36.619 [main] INFO - 1. ResultSet.getString(type3_3_0_) returned Work

00:07:36.620 [main] INFO - 1. ResultSet.wasNull() returned false

00:07:36.620 [main] INFO - 1. ResultSet.getInt(employee4_2_1_) returned 1

00:07:36.620 [main] INFO - 1. ResultSet.wasNull() returned false

00:07:36.620 [main] INFO - 1. ResultSet.getInt(id1_3_1_) returned 2

00:07:36.620 [main] INFO - 1. ResultSet.wasNull() returned false

00:07:36.622 [main] INFO - 
|------------|---|---|------------|--------------|-----|
|employee_id |id |id |employee_id |phonenumber   |type |
|------------|---|---|------------|--------------|-----|
|1           |1  |1  |1           |032 333 33 33 |Home |
|1           |2  |2  |1           |031 999 99 99 |Work |
|------------|---|---|------------|--------------|-----|


00:07:36.622 [main] INFO - 1. ResultSet.next() returned false

00:07:36.622 [main] INFO - 1. ResultSet.close() returned void

00:07:36.622 [main] INFO - 1. PreparedStatement.getMaxRows() returned 0

00:07:36.623 [main] INFO - 1. PreparedStatement.getQueryTimeout() returned 0

00:07:36.623 [main] INFO - 1. PreparedStatement.close() returned 

00:07:36.624 [main] INFO - 1. PreparedStatement.new PreparedStatement returned 

00:07:36.624 [main] INFO - 1. Connection.prepareStatement(select phones0_.employee_id as employee4_2_1_, phones0_.id as id1_3_1_, phones0_.id as id1_3_0_, phones0_.employee_id as employee4_3_0_, phones0_.phonenumber as phonenum2_3_0_, phones0_.type as type3_3_0_ from Phone phones0_ where phones0_.employee_id=?) returned net.sf.log4jdbc.sql.jdbcapi.PreparedStatementSpy@11b43ab

00:07:36.624 [main] INFO - 1. PreparedStatement.setInt(1, 2) returned 

00:07:36.624 [main] INFO - 1. select phones0_.employee_id as employee4_2_1_, phones0_.id as id1_3_1_, phones0_.id as id1_3_0_, 
phones0_.employee_id as employee4_3_0_, phones0_.phonenumber as phonenum2_3_0_, phones0_.type 
as type3_3_0_ from Phone phones0_ where phones0_.employee_id=2  {executed in 0 ms}

00:07:36.625 [main] INFO - 1. ResultSet.new ResultSet returned 

00:07:36.625 [main] INFO - 1. PreparedStatement.executeQuery() returned net.sf.log4jdbc.sql.jdbcapi.ResultSetSpy@24f7901e

00:07:36.625 [main] INFO - 1. ResultSet.next() returned true

00:07:36.625 [main] INFO - 1. ResultSet.getInt(id1_3_0_) returned 3

00:07:36.625 [main] INFO - 1. ResultSet.wasNull() returned false

00:07:36.625 [main] INFO - 1. ResultSet.getInt(employee4_3_0_) returned 2

00:07:36.625 [main] INFO - 1. ResultSet.wasNull() returned false

00:07:36.625 [main] INFO - 1. ResultSet.getString(phonenum2_3_0_) returned 040 333 33 33

00:07:36.625 [main] INFO - 1. ResultSet.wasNull() returned false

00:07:36.625 [main] INFO - 1. ResultSet.getString(type3_3_0_) returned Home

00:07:36.625 [main] INFO - 1. ResultSet.wasNull() returned false

00:07:36.625 [main] INFO - 1. ResultSet.getInt(employee4_2_1_) returned 2

00:07:36.625 [main] INFO - 1. ResultSet.wasNull() returned false

00:07:36.625 [main] INFO - 1. ResultSet.getInt(id1_3_1_) returned 3

00:07:36.626 [main] INFO - 1. ResultSet.wasNull() returned false

00:07:36.626 [main] INFO - 1. ResultSet.next() returned true

00:07:36.626 [main] INFO - 1. ResultSet.getInt(id1_3_0_) returned 4

00:07:36.626 [main] INFO - 1. ResultSet.wasNull() returned false

00:07:36.626 [main] INFO - 1. ResultSet.getInt(employee4_3_0_) returned 2

00:07:36.626 [main] INFO - 1. ResultSet.wasNull() returned false

00:07:36.626 [main] INFO - 1. ResultSet.getString(phonenum2_3_0_) returned 040 999 99 99

00:07:36.626 [main] INFO - 1. ResultSet.wasNull() returned false

00:07:36.626 [main] INFO - 1. ResultSet.getString(type3_3_0_) returned Work

00:07:36.626 [main] INFO - 1. ResultSet.wasNull() returned false

00:07:36.626 [main] INFO - 1. ResultSet.getInt(employee4_2_1_) returned 2

00:07:36.626 [main] INFO - 1. ResultSet.wasNull() returned false

00:07:36.626 [main] INFO - 1. ResultSet.getInt(id1_3_1_) returned 4

00:07:36.626 [main] INFO - 1. ResultSet.wasNull() returned false

00:07:36.628 [main] INFO - 
|------------|---|---|------------|--------------|-----|
|employee_id |id |id |employee_id |phonenumber   |type |
|------------|---|---|------------|--------------|-----|
|2           |3  |3  |2           |040 333 33 33 |Home |
|2           |4  |4  |2           |040 999 99 99 |Work |
|------------|---|---|------------|--------------|-----|


00:07:36.628 [main] INFO - 1. ResultSet.next() returned false

00:07:36.628 [main] INFO - 1. ResultSet.close() returned void

00:07:36.628 [main] INFO - 1. PreparedStatement.getMaxRows() returned 0

00:07:36.629 [main] INFO - 1. PreparedStatement.getQueryTimeout() returned 0

00:07:36.629 [main] INFO - 1. PreparedStatement.close() returned 

00:07:36.631 [main] INFO - 1. Connection.commit() returned 

00:07:36.631 [main] INFO - 1. Connection.setAutoCommit(true) returned 

00:07:36.631 [main] INFO - 1. Connection.isClosed() returned false

00:07:36.631 [main] INFO - 1. Connection.getWarnings() returned null

00:07:36.631 [main] INFO - 1. Connection.clearWarnings() returned 

00:07:36.632 [main] INFO - 1. Connection.getAutoCommit() returned true

00:07:36.632 [main] INFO - 1. Connection.getAutoCommit() returned true

00:07:36.632 [main] INFO - 1. Statement.new Statement returned 

00:07:36.632 [main] INFO - 1. Connection.createStatement() returned net.sf.log4jdbc.sql.jdbcapi.StatementSpy@647c5770

00:07:36.633 [main] INFO - 1. alter table Employee drop constraint FK_1ad07dcf050d44b5a2b586d4404  {executed in 1 ms}

00:07:36.633 [main] INFO - 1. Statement.executeUpdate(
    alter table Employee 
        drop constraint FK_1ad07dcf050d44b5a2b586d4404) returned 0

00:07:36.633 [main] INFO - 1. Statement.getWarnings() returned null

00:07:36.633 [main] INFO - 1. alter table Employee drop constraint FK_1c985844dd7e40dd9466a46ac40  {executed in 0 ms}

00:07:36.633 [main] INFO - 1. Statement.executeUpdate(
    alter table Employee 
        drop constraint FK_1c985844dd7e40dd9466a46ac40) returned 0

00:07:36.633 [main] INFO - 1. Statement.getWarnings() returned null

00:07:36.634 [main] INFO - 1. alter table Phone drop constraint FK_d5b71963ef714eabaa2b660841c  {executed in 0 ms}

00:07:36.634 [main] INFO - 1. Statement.executeUpdate(
    alter table Phone 
        drop constraint FK_d5b71963ef714eabaa2b660841c) returned 0

00:07:36.634 [main] INFO - 1. Statement.getWarnings() returned null

00:07:36.635 [main] INFO - 1. drop table Address if exists  {executed in 1 ms}

00:07:36.635 [main] INFO - 1. Statement.executeUpdate(
    drop table Address if exists) returned 0

00:07:36.635 [main] INFO - 1. Statement.getWarnings() returned null

00:07:36.635 [main] INFO - 1. drop table Department if exists  {executed in 0 ms}

00:07:36.635 [main] INFO - 1. Statement.executeUpdate(
    drop table Department if exists) returned 0

00:07:36.636 [main] INFO - 1. Statement.getWarnings() returned null

00:07:36.636 [main] INFO - 1. drop table Employee if exists  {executed in 0 ms}

00:07:36.636 [main] INFO - 1. Statement.executeUpdate(
    drop table Employee if exists) returned 0

00:07:36.636 [main] INFO - 1. Statement.getWarnings() returned null

00:07:36.637 [main] INFO - 1. drop table Phone if exists  {executed in 1 ms}

00:07:36.637 [main] INFO - 1. Statement.executeUpdate(
    drop table Phone if exists) returned 0

00:07:36.637 [main] INFO - 1. Statement.getWarnings() returned null

00:07:36.637 [main] INFO - 1. Statement.close() returned 

00:07:36.637 [main] INFO - 1. Connection.getWarnings() returned null

00:07:36.637 [main] INFO - 1. Connection.clearWarnings() returned 

00:07:36.638 [main] INFO - 1. Connection closed. {executed in 1ms} 

00:07:36.638 [main] INFO - 1. Connection.close() returned 

00:12:03.237 [main] INFO - 1. Connection opened. {executed in 93ms} 

00:12:03.490 [main] ERROR - 1. Statement.executeUpdate(
    alter table Employee 
        drop constraint FK_a9162b94edb04930bd0a594258c) FAILED! alter table Employee drop constraint FK_a9162b94edb04930bd0a594258c  {FAILED after 3 ms}
org.h2.jdbc.JdbcSQLException: Table "EMPLOYEE" not found; SQL statement:

    alter table Employee 
        drop constraint FK_a9162b94edb04930bd0a594258c [42102-159]
	at org.h2.message.DbException.getJdbcSQLException(DbException.java:329)
	at org.h2.message.DbException.get(DbException.java:169)
	at org.h2.message.DbException.get(DbException.java:146)
	at org.h2.command.Parser.readTableOrView(Parser.java:4747)
	at org.h2.command.Parser.readTableOrView(Parser.java:4725)
	at org.h2.command.Parser.parseAlterTable(Parser.java:4798)
	at org.h2.command.Parser.parseAlter(Parser.java:4309)
	at org.h2.command.Parser.parsePrepared(Parser.java:306)
	at org.h2.command.Parser.parse(Parser.java:279)
	at org.h2.command.Parser.parse(Parser.java:251)
	at org.h2.command.Parser.prepareCommand(Parser.java:217)
	at org.h2.engine.Session.prepareLocal(Session.java:415)
	at org.h2.engine.Session.prepareCommand(Session.java:364)
	at org.h2.jdbc.JdbcConnection.prepareCommand(JdbcConnection.java:1119)
	at org.h2.jdbc.JdbcStatement.executeUpdateInternal(JdbcStatement.java:121)
	at org.h2.jdbc.JdbcStatement.executeUpdate(JdbcStatement.java:110)
	at net.sf.log4jdbc.sql.jdbcapi.StatementSpy.executeUpdate(StatementSpy.java:767)
	at org.hibernate.tool.hbm2ddl.DatabaseExporter.export(DatabaseExporter.java:64)
	at org.hibernate.tool.hbm2ddl.SchemaExport.perform(SchemaExport.java:418)
	at org.hibernate.tool.hbm2ddl.SchemaExport.execute(SchemaExport.java:372)
	at org.hibernate.tool.hbm2ddl.SchemaExport.create(SchemaExport.java:304)
	at org.hibernate.tool.hbm2ddl.SchemaExport.create(SchemaExport.java:293)
	at org.hibernate.internal.SessionFactoryImpl.<init>(SessionFactoryImpl.java:500)
	at org.hibernate.cfg.Configuration.buildSessionFactory(Configuration.java:1760)
	at org.hibernate.ejb.EntityManagerFactoryImpl.<init>(EntityManagerFactoryImpl.java:96)
	at org.hibernate.ejb.Ejb3Configuration.buildEntityManagerFactory(Ejb3Configuration.java:913)
	at org.hibernate.ejb.Ejb3Configuration.buildEntityManagerFactory(Ejb3Configuration.java:898)
	at org.hibernate.ejb.HibernatePersistence.createEntityManagerFactory(HibernatePersistence.java:59)
	at javax.persistence.Persistence.createEntityManagerFactory(Persistence.java:63)
	at javax.persistence.Persistence.createEntityManagerFactory(Persistence.java:47)
	at jpaworkshop.test.ExplorationTest.setUp(ExplorationTest.java:30)
	at sun.reflect.NativeMethodAccessorImpl.invoke0(Native Method)
	at sun.reflect.NativeMethodAccessorImpl.invoke(NativeMethodAccessorImpl.java:57)
	at sun.reflect.DelegatingMethodAccessorImpl.invoke(DelegatingMethodAccessorImpl.java:43)
	at java.lang.reflect.Method.invoke(Method.java:606)
	at org.junit.runners.model.FrameworkMethod$1.runReflectiveCall(FrameworkMethod.java:44)
	at org.junit.internal.runners.model.ReflectiveCallable.run(ReflectiveCallable.java:15)
	at org.junit.runners.model.FrameworkMethod.invokeExplosively(FrameworkMethod.java:41)
	at org.junit.internal.runners.statements.RunBefores.evaluate(RunBefores.java:27)
	at org.junit.internal.runners.statements.RunAfters.evaluate(RunAfters.java:31)
	at org.junit.runners.BlockJUnit4ClassRunner.runChild(BlockJUnit4ClassRunner.java:76)
	at org.junit.runners.BlockJUnit4ClassRunner.runChild(BlockJUnit4ClassRunner.java:50)
	at org.junit.runners.ParentRunner$3.run(ParentRunner.java:193)
	at org.junit.runners.ParentRunner$1.schedule(ParentRunner.java:52)
	at org.junit.runners.ParentRunner.runChildren(ParentRunner.java:191)
	at org.junit.runners.ParentRunner.access$000(ParentRunner.java:42)
	at org.junit.runners.ParentRunner$2.evaluate(ParentRunner.java:184)
	at org.junit.runners.ParentRunner.run(ParentRunner.java:236)
	at org.apache.maven.surefire.junit4.JUnit4TestSet.execute(JUnit4TestSet.java:53)
	at org.apache.maven.surefire.junit4.JUnit4Provider.executeTestSet(JUnit4Provider.java:123)
	at org.apache.maven.surefire.junit4.JUnit4Provider.invoke(JUnit4Provider.java:104)
	at sun.reflect.NativeMethodAccessorImpl.invoke0(Native Method)
	at sun.reflect.NativeMethodAccessorImpl.invoke(NativeMethodAccessorImpl.java:57)
	at sun.reflect.DelegatingMethodAccessorImpl.invoke(DelegatingMethodAccessorImpl.java:43)
	at java.lang.reflect.Method.invoke(Method.java:606)
	at org.apache.maven.surefire.util.ReflectionUtils.invokeMethodWithArray(ReflectionUtils.java:164)
	at org.apache.maven.surefire.booter.ProviderFactory$ProviderProxy.invoke(ProviderFactory.java:110)
	at org.apache.maven.surefire.booter.SurefireStarter.invokeProvider(SurefireStarter.java:172)
	at org.apache.maven.surefire.booter.SurefireStarter.runSuitesInProcessWhenForked(SurefireStarter.java:104)
	at org.apache.maven.surefire.booter.ForkedBooter.main(ForkedBooter.java:70)

00:12:03.492 [main] ERROR - 1. Statement.executeUpdate(
    alter table Employee 
        drop constraint FK_c3d034ba6b3a4d43a96d7ee7e01) FAILED! alter table Employee drop constraint FK_c3d034ba6b3a4d43a96d7ee7e01  {FAILED after 0 ms}
org.h2.jdbc.JdbcSQLException: Table "EMPLOYEE" not found; SQL statement:

    alter table Employee 
        drop constraint FK_c3d034ba6b3a4d43a96d7ee7e01 [42102-159]
	at org.h2.message.DbException.getJdbcSQLException(DbException.java:329)
	at org.h2.message.DbException.get(DbException.java:169)
	at org.h2.message.DbException.get(DbException.java:146)
	at org.h2.command.Parser.readTableOrView(Parser.java:4747)
	at org.h2.command.Parser.readTableOrView(Parser.java:4725)
	at org.h2.command.Parser.parseAlterTable(Parser.java:4798)
	at org.h2.command.Parser.parseAlter(Parser.java:4309)
	at org.h2.command.Parser.parsePrepared(Parser.java:306)
	at org.h2.command.Parser.parse(Parser.java:279)
	at org.h2.command.Parser.parse(Parser.java:251)
	at org.h2.command.Parser.prepareCommand(Parser.java:217)
	at org.h2.engine.Session.prepareLocal(Session.java:415)
	at org.h2.engine.Session.prepareCommand(Session.java:364)
	at org.h2.jdbc.JdbcConnection.prepareCommand(JdbcConnection.java:1119)
	at org.h2.jdbc.JdbcStatement.executeUpdateInternal(JdbcStatement.java:121)
	at org.h2.jdbc.JdbcStatement.executeUpdate(JdbcStatement.java:110)
	at net.sf.log4jdbc.sql.jdbcapi.StatementSpy.executeUpdate(StatementSpy.java:767)
	at org.hibernate.tool.hbm2ddl.DatabaseExporter.export(DatabaseExporter.java:64)
	at org.hibernate.tool.hbm2ddl.SchemaExport.perform(SchemaExport.java:418)
	at org.hibernate.tool.hbm2ddl.SchemaExport.execute(SchemaExport.java:372)
	at org.hibernate.tool.hbm2ddl.SchemaExport.create(SchemaExport.java:304)
	at org.hibernate.tool.hbm2ddl.SchemaExport.create(SchemaExport.java:293)
	at org.hibernate.internal.SessionFactoryImpl.<init>(SessionFactoryImpl.java:500)
	at org.hibernate.cfg.Configuration.buildSessionFactory(Configuration.java:1760)
	at org.hibernate.ejb.EntityManagerFactoryImpl.<init>(EntityManagerFactoryImpl.java:96)
	at org.hibernate.ejb.Ejb3Configuration.buildEntityManagerFactory(Ejb3Configuration.java:913)
	at org.hibernate.ejb.Ejb3Configuration.buildEntityManagerFactory(Ejb3Configuration.java:898)
	at org.hibernate.ejb.HibernatePersistence.createEntityManagerFactory(HibernatePersistence.java:59)
	at javax.persistence.Persistence.createEntityManagerFactory(Persistence.java:63)
	at javax.persistence.Persistence.createEntityManagerFactory(Persistence.java:47)
	at jpaworkshop.test.ExplorationTest.setUp(ExplorationTest.java:30)
	at sun.reflect.NativeMethodAccessorImpl.invoke0(Native Method)
	at sun.reflect.NativeMethodAccessorImpl.invoke(NativeMethodAccessorImpl.java:57)
	at sun.reflect.DelegatingMethodAccessorImpl.invoke(DelegatingMethodAccessorImpl.java:43)
	at java.lang.reflect.Method.invoke(Method.java:606)
	at org.junit.runners.model.FrameworkMethod$1.runReflectiveCall(FrameworkMethod.java:44)
	at org.junit.internal.runners.model.ReflectiveCallable.run(ReflectiveCallable.java:15)
	at org.junit.runners.model.FrameworkMethod.invokeExplosively(FrameworkMethod.java:41)
	at org.junit.internal.runners.statements.RunBefores.evaluate(RunBefores.java:27)
	at org.junit.internal.runners.statements.RunAfters.evaluate(RunAfters.java:31)
	at org.junit.runners.BlockJUnit4ClassRunner.runChild(BlockJUnit4ClassRunner.java:76)
	at org.junit.runners.BlockJUnit4ClassRunner.runChild(BlockJUnit4ClassRunner.java:50)
	at org.junit.runners.ParentRunner$3.run(ParentRunner.java:193)
	at org.junit.runners.ParentRunner$1.schedule(ParentRunner.java:52)
	at org.junit.runners.ParentRunner.runChildren(ParentRunner.java:191)
	at org.junit.runners.ParentRunner.access$000(ParentRunner.java:42)
	at org.junit.runners.ParentRunner$2.evaluate(ParentRunner.java:184)
	at org.junit.runners.ParentRunner.run(ParentRunner.java:236)
	at org.apache.maven.surefire.junit4.JUnit4TestSet.execute(JUnit4TestSet.java:53)
	at org.apache.maven.surefire.junit4.JUnit4Provider.executeTestSet(JUnit4Provider.java:123)
	at org.apache.maven.surefire.junit4.JUnit4Provider.invoke(JUnit4Provider.java:104)
	at sun.reflect.NativeMethodAccessorImpl.invoke0(Native Method)
	at sun.reflect.NativeMethodAccessorImpl.invoke(NativeMethodAccessorImpl.java:57)
	at sun.reflect.DelegatingMethodAccessorImpl.invoke(DelegatingMethodAccessorImpl.java:43)
	at java.lang.reflect.Method.invoke(Method.java:606)
	at org.apache.maven.surefire.util.ReflectionUtils.invokeMethodWithArray(ReflectionUtils.java:164)
	at org.apache.maven.surefire.booter.ProviderFactory$ProviderProxy.invoke(ProviderFactory.java:110)
	at org.apache.maven.surefire.booter.SurefireStarter.invokeProvider(SurefireStarter.java:172)
	at org.apache.maven.surefire.booter.SurefireStarter.runSuitesInProcessWhenForked(SurefireStarter.java:104)
	at org.apache.maven.surefire.booter.ForkedBooter.main(ForkedBooter.java:70)

00:12:03.493 [main] ERROR - 1. Statement.executeUpdate(
    alter table Phone 
        drop constraint FK_b9d07d6e2e604b8193e284b9d22) FAILED! alter table Phone drop constraint FK_b9d07d6e2e604b8193e284b9d22  {FAILED after 0 ms}
org.h2.jdbc.JdbcSQLException: Table "PHONE" not found; SQL statement:

    alter table Phone 
        drop constraint FK_b9d07d6e2e604b8193e284b9d22 [42102-159]
	at org.h2.message.DbException.getJdbcSQLException(DbException.java:329)
	at org.h2.message.DbException.get(DbException.java:169)
	at org.h2.message.DbException.get(DbException.java:146)
	at org.h2.command.Parser.readTableOrView(Parser.java:4747)
	at org.h2.command.Parser.readTableOrView(Parser.java:4725)
	at org.h2.command.Parser.parseAlterTable(Parser.java:4798)
	at org.h2.command.Parser.parseAlter(Parser.java:4309)
	at org.h2.command.Parser.parsePrepared(Parser.java:306)
	at org.h2.command.Parser.parse(Parser.java:279)
	at org.h2.command.Parser.parse(Parser.java:251)
	at org.h2.command.Parser.prepareCommand(Parser.java:217)
	at org.h2.engine.Session.prepareLocal(Session.java:415)
	at org.h2.engine.Session.prepareCommand(Session.java:364)
	at org.h2.jdbc.JdbcConnection.prepareCommand(JdbcConnection.java:1119)
	at org.h2.jdbc.JdbcStatement.executeUpdateInternal(JdbcStatement.java:121)
	at org.h2.jdbc.JdbcStatement.executeUpdate(JdbcStatement.java:110)
	at net.sf.log4jdbc.sql.jdbcapi.StatementSpy.executeUpdate(StatementSpy.java:767)
	at org.hibernate.tool.hbm2ddl.DatabaseExporter.export(DatabaseExporter.java:64)
	at org.hibernate.tool.hbm2ddl.SchemaExport.perform(SchemaExport.java:418)
	at org.hibernate.tool.hbm2ddl.SchemaExport.execute(SchemaExport.java:372)
	at org.hibernate.tool.hbm2ddl.SchemaExport.create(SchemaExport.java:304)
	at org.hibernate.tool.hbm2ddl.SchemaExport.create(SchemaExport.java:293)
	at org.hibernate.internal.SessionFactoryImpl.<init>(SessionFactoryImpl.java:500)
	at org.hibernate.cfg.Configuration.buildSessionFactory(Configuration.java:1760)
	at org.hibernate.ejb.EntityManagerFactoryImpl.<init>(EntityManagerFactoryImpl.java:96)
	at org.hibernate.ejb.Ejb3Configuration.buildEntityManagerFactory(Ejb3Configuration.java:913)
	at org.hibernate.ejb.Ejb3Configuration.buildEntityManagerFactory(Ejb3Configuration.java:898)
	at org.hibernate.ejb.HibernatePersistence.createEntityManagerFactory(HibernatePersistence.java:59)
	at javax.persistence.Persistence.createEntityManagerFactory(Persistence.java:63)
	at javax.persistence.Persistence.createEntityManagerFactory(Persistence.java:47)
	at jpaworkshop.test.ExplorationTest.setUp(ExplorationTest.java:30)
	at sun.reflect.NativeMethodAccessorImpl.invoke0(Native Method)
	at sun.reflect.NativeMethodAccessorImpl.invoke(NativeMethodAccessorImpl.java:57)
	at sun.reflect.DelegatingMethodAccessorImpl.invoke(DelegatingMethodAccessorImpl.java:43)
	at java.lang.reflect.Method.invoke(Method.java:606)
	at org.junit.runners.model.FrameworkMethod$1.runReflectiveCall(FrameworkMethod.java:44)
	at org.junit.internal.runners.model.ReflectiveCallable.run(ReflectiveCallable.java:15)
	at org.junit.runners.model.FrameworkMethod.invokeExplosively(FrameworkMethod.java:41)
	at org.junit.internal.runners.statements.RunBefores.evaluate(RunBefores.java:27)
	at org.junit.internal.runners.statements.RunAfters.evaluate(RunAfters.java:31)
	at org.junit.runners.BlockJUnit4ClassRunner.runChild(BlockJUnit4ClassRunner.java:76)
	at org.junit.runners.BlockJUnit4ClassRunner.runChild(BlockJUnit4ClassRunner.java:50)
	at org.junit.runners.ParentRunner$3.run(ParentRunner.java:193)
	at org.junit.runners.ParentRunner$1.schedule(ParentRunner.java:52)
	at org.junit.runners.ParentRunner.runChildren(ParentRunner.java:191)
	at org.junit.runners.ParentRunner.access$000(ParentRunner.java:42)
	at org.junit.runners.ParentRunner$2.evaluate(ParentRunner.java:184)
	at org.junit.runners.ParentRunner.run(ParentRunner.java:236)
	at org.apache.maven.surefire.junit4.JUnit4TestSet.execute(JUnit4TestSet.java:53)
	at org.apache.maven.surefire.junit4.JUnit4Provider.executeTestSet(JUnit4Provider.java:123)
	at org.apache.maven.surefire.junit4.JUnit4Provider.invoke(JUnit4Provider.java:104)
	at sun.reflect.NativeMethodAccessorImpl.invoke0(Native Method)
	at sun.reflect.NativeMethodAccessorImpl.invoke(NativeMethodAccessorImpl.java:57)
	at sun.reflect.DelegatingMethodAccessorImpl.invoke(DelegatingMethodAccessorImpl.java:43)
	at java.lang.reflect.Method.invoke(Method.java:606)
	at org.apache.maven.surefire.util.ReflectionUtils.invokeMethodWithArray(ReflectionUtils.java:164)
	at org.apache.maven.surefire.booter.ProviderFactory$ProviderProxy.invoke(ProviderFactory.java:110)
	at org.apache.maven.surefire.booter.SurefireStarter.invokeProvider(SurefireStarter.java:172)
	at org.apache.maven.surefire.booter.SurefireStarter.runSuitesInProcessWhenForked(SurefireStarter.java:104)
	at org.apache.maven.surefire.booter.ForkedBooter.main(ForkedBooter.java:70)

00:12:03.494 [main] INFO - 1. drop table Address if exists  {executed in 1 ms}

00:12:03.494 [main] INFO - 1. drop table Department if exists  {executed in 0 ms}

00:12:03.494 [main] INFO - 1. drop table Employee if exists  {executed in 0 ms}

00:12:03.494 [main] INFO - 1. drop table Phone if exists  {executed in 0 ms}

00:12:03.500 [main] INFO - 1. create table Address ( id integer generated by default as identity, city varchar(255), state 
varchar(255), street varchar(255), zip varchar(255), primary key (id) )  {executed in 5 ms}

00:12:03.501 [main] INFO - 1. create table Department ( id integer generated by default as identity, name varchar(255), primary 
key (id) )  {executed in 1 ms}

00:12:03.502 [main] INFO - 1. create table Employee ( id integer generated by default as identity, name varchar(255), salary 
bigint not null, address_id integer, department_id integer, primary key (id) )  {executed in 1 ms}

00:12:03.502 [main] INFO - 1. create table Phone ( id integer generated by default as identity, phonenumber varchar(255), 
type varchar(255), employee_id integer, primary key (id) )  {executed in 0 ms}

00:12:03.510 [main] INFO - 1. alter table Employee add constraint FK_a9162b94edb04930bd0a594258c foreign key (address_id) 
references Address  {executed in 7 ms}

00:12:03.512 [main] INFO - 1. alter table Employee add constraint FK_c3d034ba6b3a4d43a96d7ee7e01 foreign key (department_id) 
references Department  {executed in 2 ms}

00:12:03.515 [main] INFO - 1. alter table Phone add constraint FK_b9d07d6e2e604b8193e284b9d22 foreign key (employee_id) references 
Employee  {executed in 2 ms}

00:12:03.601 [main] INFO - 1. insert into Department (id, name) values (null, 'PR')  {executed in 1 ms}

00:12:03.602 [main] INFO - 1. getGeneratedKeys on query: insert into Department (id, name) values (null, 'PR')  {executed in 1 ms}

00:12:03.609 [main] INFO - 
|-----------------|
|scope_identity() |
|-----------------|
|1                |
|-----------------|


00:12:03.614 [main] INFO - 1. insert into Employee (id, address_id, department_id, name, salary) values (null, NULL, NULL, 
'John Doe', 80000)  {executed in 0 ms}

00:12:03.614 [main] INFO - 1. getGeneratedKeys on query: insert into Employee (id, address_id, department_id, name, salary) 
values (null, NULL, NULL, 'John Doe', 80000)  {executed in 0 ms}

00:12:03.615 [main] INFO - 
|-----------------|
|scope_identity() |
|-----------------|
|1                |
|-----------------|


00:12:03.616 [main] INFO - 1. insert into Employee (id, address_id, department_id, name, salary) values (null, NULL, NULL, 
'Jane Dull', 90000)  {executed in 0 ms}

00:12:03.616 [main] INFO - 1. getGeneratedKeys on query: insert into Employee (id, address_id, department_id, name, salary) 
values (null, NULL, NULL, 'Jane Dull', 90000)  {executed in 0 ms}

00:12:03.617 [main] INFO - 
|-----------------|
|scope_identity() |
|-----------------|
|2                |
|-----------------|


00:12:03.619 [main] INFO - 1. insert into Phone (id, employee_id, phonenumber, type) values (null, 1, '031 999 99 99', 'Work')  {executed in 0 ms}

00:12:03.619 [main] INFO - 1. getGeneratedKeys on query: insert into Phone (id, employee_id, phonenumber, type) values (null, 
1, '031 999 99 99', 'Work')  {executed in 0 ms}

00:12:03.620 [main] INFO - 
|-----------------|
|scope_identity() |
|-----------------|
|1                |
|-----------------|


00:12:03.621 [main] INFO - 1. insert into Phone (id, employee_id, phonenumber, type) values (null, 1, '032 333 33 33', 'Home')  {executed in 0 ms}

00:12:03.621 [main] INFO - 1. getGeneratedKeys on query: insert into Phone (id, employee_id, phonenumber, type) values (null, 
1, '032 333 33 33', 'Home')  {executed in 0 ms}

00:12:03.621 [main] INFO - 
|-----------------|
|scope_identity() |
|-----------------|
|2                |
|-----------------|


00:12:03.622 [main] INFO - 1. insert into Phone (id, employee_id, phonenumber, type) values (null, 2, '040 999 99 99', 'Work')  {executed in 0 ms}

00:12:03.623 [main] INFO - 1. getGeneratedKeys on query: insert into Phone (id, employee_id, phonenumber, type) values (null, 
2, '040 999 99 99', 'Work')  {executed in 1 ms}

00:12:03.623 [main] INFO - 
|-----------------|
|scope_identity() |
|-----------------|
|3                |
|-----------------|


00:12:03.624 [main] INFO - 1. insert into Phone (id, employee_id, phonenumber, type) values (null, 2, '040 333 33 33', 'Home')  {executed in 0 ms}

00:12:03.624 [main] INFO - 1. getGeneratedKeys on query: insert into Phone (id, employee_id, phonenumber, type) values (null, 
2, '040 333 33 33', 'Home')  {executed in 0 ms}

00:12:03.625 [main] INFO - 
|-----------------|
|scope_identity() |
|-----------------|
|4                |
|-----------------|


00:12:03.636 [main] INFO - 1. update Employee set address_id=NULL, department_id=1, name='John Doe', salary=80000 where id=1  {executed in 1 ms}

00:12:03.637 [main] INFO - 1. update Employee set address_id=NULL, department_id=1, name='Jane Dull', salary=90000 where 
id=2  {executed in 0 ms}

00:12:03.709 [main] INFO - 1. select department0_.id as id1_1_, department0_.name as name2_1_ from Department department0_ 
where department0_.id=1  {executed in 0 ms}

00:12:03.712 [main] INFO - 
|---|-----|
|id |name |
|---|-----|
|1  |PR   |
|---|-----|


00:12:03.718 [main] INFO - 1. select employees0_.department_id as departme5_1_1_, employees0_.id as id1_2_1_, employees0_.id 
as id1_2_0_, employees0_.address_id as address4_2_0_, employees0_.department_id as departme5_2_0_, 
employees0_.name as name2_2_0_, employees0_.salary as salary3_2_0_ from Employee employees0_ 
where employees0_.department_id=1 order by employees0_.name desc  {executed in 0 ms}

00:12:03.724 [main] INFO - 
|--------------|---|---|-----------|--------------|----------|-------|
|department_id |id |id |address_id |department_id |name      |salary |
|--------------|---|---|-----------|--------------|----------|-------|
|1             |1  |1  |[null]     |1             |John Doe  |80000  |
|1             |2  |2  |[null]     |1             |Jane Dull |90000  |
|--------------|---|---|-----------|--------------|----------|-------|


00:12:03.726 [main] INFO - 1. select phones0_.employee_id as employee4_2_1_, phones0_.id as id1_3_1_, phones0_.id as id1_3_0_, 
phones0_.employee_id as employee4_3_0_, phones0_.phonenumber as phonenum2_3_0_, phones0_.type 
as type3_3_0_ from Phone phones0_ where phones0_.employee_id=1  {executed in 0 ms}

00:12:03.728 [main] INFO - 
|------------|---|---|------------|--------------|-----|
|employee_id |id |id |employee_id |phonenumber   |type |
|------------|---|---|------------|--------------|-----|
|1           |1  |1  |1           |031 999 99 99 |Work |
|1           |2  |2  |1           |032 333 33 33 |Home |
|------------|---|---|------------|--------------|-----|


00:12:03.731 [main] INFO - 1. select phones0_.employee_id as employee4_2_1_, phones0_.id as id1_3_1_, phones0_.id as id1_3_0_, 
phones0_.employee_id as employee4_3_0_, phones0_.phonenumber as phonenum2_3_0_, phones0_.type 
as type3_3_0_ from Phone phones0_ where phones0_.employee_id=2  {executed in 0 ms}

00:12:03.733 [main] INFO - 
|------------|---|---|------------|--------------|-----|
|employee_id |id |id |employee_id |phonenumber   |type |
|------------|---|---|------------|--------------|-----|
|2           |3  |3  |2           |040 999 99 99 |Work |
|2           |4  |4  |2           |040 333 33 33 |Home |
|------------|---|---|------------|--------------|-----|


00:12:03.738 [main] INFO - 1. alter table Employee drop constraint FK_a9162b94edb04930bd0a594258c  {executed in 1 ms}

00:12:03.738 [main] INFO - 1. alter table Employee drop constraint FK_c3d034ba6b3a4d43a96d7ee7e01  {executed in 0 ms}

00:12:03.739 [main] INFO - 1. alter table Phone drop constraint FK_b9d07d6e2e604b8193e284b9d22  {executed in 1 ms}

00:12:03.740 [main] INFO - 1. drop table Address if exists  {executed in 1 ms}

00:12:03.740 [main] INFO - 1. drop table Department if exists  {executed in 0 ms}

00:12:03.741 [main] INFO - 1. drop table Employee if exists  {executed in 1 ms}

00:12:03.742 [main] INFO - 1. drop table Phone if exists  {executed in 1 ms}

00:12:03.742 [main] INFO - 1. Connection closed. {executed in 0ms} 

23:41:13.236 [main] INFO - 1. Connection opened. {executed in 117ms} 

23:41:13.804 [main] ERROR - 1. Statement.executeUpdate(
    alter table Employee 
        drop constraint FK_b2uj6gqstji4yr1029cbs0hsv if exists) FAILED! alter table Employee drop constraint FK_b2uj6gqstji4yr1029cbs0hsv if exists  {FAILED after 4 ms}
org.h2.jdbc.JdbcSQLException: Table "EMPLOYEE" not found; SQL statement:

    alter table Employee 
        drop constraint FK_b2uj6gqstji4yr1029cbs0hsv if exists [42102-159]
	at org.h2.message.DbException.getJdbcSQLException(DbException.java:329)
	at org.h2.message.DbException.get(DbException.java:169)
	at org.h2.message.DbException.get(DbException.java:146)
	at org.h2.command.Parser.readTableOrView(Parser.java:4747)
	at org.h2.command.Parser.readTableOrView(Parser.java:4725)
	at org.h2.command.Parser.parseAlterTable(Parser.java:4798)
	at org.h2.command.Parser.parseAlter(Parser.java:4309)
	at org.h2.command.Parser.parsePrepared(Parser.java:306)
	at org.h2.command.Parser.parse(Parser.java:279)
	at org.h2.command.Parser.parse(Parser.java:251)
	at org.h2.command.Parser.prepareCommand(Parser.java:217)
	at org.h2.engine.Session.prepareLocal(Session.java:415)
	at org.h2.engine.Session.prepareCommand(Session.java:364)
	at org.h2.jdbc.JdbcConnection.prepareCommand(JdbcConnection.java:1119)
	at org.h2.jdbc.JdbcStatement.executeUpdateInternal(JdbcStatement.java:121)
	at org.h2.jdbc.JdbcStatement.executeUpdate(JdbcStatement.java:110)
	at net.sf.log4jdbc.sql.jdbcapi.StatementSpy.executeUpdate(StatementSpy.java:767)
	at org.hibernate.tool.hbm2ddl.DatabaseExporter.export(DatabaseExporter.java:64)
	at org.hibernate.tool.hbm2ddl.SchemaExport.perform(SchemaExport.java:418)
	at org.hibernate.tool.hbm2ddl.SchemaExport.execute(SchemaExport.java:372)
	at org.hibernate.tool.hbm2ddl.SchemaExport.create(SchemaExport.java:304)
	at org.hibernate.tool.hbm2ddl.SchemaExport.create(SchemaExport.java:293)
	at org.hibernate.internal.SessionFactoryImpl.<init>(SessionFactoryImpl.java:517)
	at org.hibernate.cfg.Configuration.buildSessionFactory(Configuration.java:1857)
	at org.hibernate.jpa.boot.internal.EntityManagerFactoryBuilderImpl$4.perform(EntityManagerFactoryBuilderImpl.java:850)
	at org.hibernate.jpa.boot.internal.EntityManagerFactoryBuilderImpl$4.perform(EntityManagerFactoryBuilderImpl.java:843)
	at org.hibernate.boot.registry.classloading.internal.ClassLoaderServiceImpl.withTccl(ClassLoaderServiceImpl.java:398)
	at org.hibernate.jpa.boot.internal.EntityManagerFactoryBuilderImpl.build(EntityManagerFactoryBuilderImpl.java:842)
	at org.hibernate.jpa.HibernatePersistenceProvider.createEntityManagerFactory(HibernatePersistenceProvider.java:75)
	at org.hibernate.ejb.HibernatePersistence.createEntityManagerFactory(HibernatePersistence.java:54)
	at javax.persistence.Persistence.createEntityManagerFactory(Persistence.java:55)
	at javax.persistence.Persistence.createEntityManagerFactory(Persistence.java:39)
	at jpaworkshop.test.ExplorationTest.setUp(ExplorationTest.java:30)
	at sun.reflect.NativeMethodAccessorImpl.invoke0(Native Method)
	at sun.reflect.NativeMethodAccessorImpl.invoke(NativeMethodAccessorImpl.java:57)
	at sun.reflect.DelegatingMethodAccessorImpl.invoke(DelegatingMethodAccessorImpl.java:43)
	at java.lang.reflect.Method.invoke(Method.java:606)
	at org.junit.runners.model.FrameworkMethod$1.runReflectiveCall(FrameworkMethod.java:44)
	at org.junit.internal.runners.model.ReflectiveCallable.run(ReflectiveCallable.java:15)
	at org.junit.runners.model.FrameworkMethod.invokeExplosively(FrameworkMethod.java:41)
	at org.junit.internal.runners.statements.RunBefores.evaluate(RunBefores.java:27)
	at org.junit.internal.runners.statements.RunAfters.evaluate(RunAfters.java:31)
	at org.junit.runners.BlockJUnit4ClassRunner.runChild(BlockJUnit4ClassRunner.java:76)
	at org.junit.runners.BlockJUnit4ClassRunner.runChild(BlockJUnit4ClassRunner.java:50)
	at org.junit.runners.ParentRunner$3.run(ParentRunner.java:193)
	at org.junit.runners.ParentRunner$1.schedule(ParentRunner.java:52)
	at org.junit.runners.ParentRunner.runChildren(ParentRunner.java:191)
	at org.junit.runners.ParentRunner.access$000(ParentRunner.java:42)
	at org.junit.runners.ParentRunner$2.evaluate(ParentRunner.java:184)
	at org.junit.runners.ParentRunner.run(ParentRunner.java:236)
	at org.apache.maven.surefire.junit4.JUnit4TestSet.execute(JUnit4TestSet.java:53)
	at org.apache.maven.surefire.junit4.JUnit4Provider.executeTestSet(JUnit4Provider.java:123)
	at org.apache.maven.surefire.junit4.JUnit4Provider.invoke(JUnit4Provider.java:104)
	at sun.reflect.NativeMethodAccessorImpl.invoke0(Native Method)
	at sun.reflect.NativeMethodAccessorImpl.invoke(NativeMethodAccessorImpl.java:57)
	at sun.reflect.DelegatingMethodAccessorImpl.invoke(DelegatingMethodAccessorImpl.java:43)
	at java.lang.reflect.Method.invoke(Method.java:606)
	at org.apache.maven.surefire.util.ReflectionUtils.invokeMethodWithArray(ReflectionUtils.java:164)
	at org.apache.maven.surefire.booter.ProviderFactory$ProviderProxy.invoke(ProviderFactory.java:110)
	at org.apache.maven.surefire.booter.SurefireStarter.invokeProvider(SurefireStarter.java:172)
	at org.apache.maven.surefire.booter.SurefireStarter.runSuitesInProcessWhenForked(SurefireStarter.java:104)
	at org.apache.maven.surefire.booter.ForkedBooter.main(ForkedBooter.java:70)

23:41:13.806 [main] ERROR - 1. Statement.executeUpdate(
    alter table Employee 
        drop constraint FK_lk0a412kck2kdc6slousi528s if exists) FAILED! alter table Employee drop constraint FK_lk0a412kck2kdc6slousi528s if exists  {FAILED after 0 ms}
org.h2.jdbc.JdbcSQLException: Table "EMPLOYEE" not found; SQL statement:

    alter table Employee 
        drop constraint FK_lk0a412kck2kdc6slousi528s if exists [42102-159]
	at org.h2.message.DbException.getJdbcSQLException(DbException.java:329)
	at org.h2.message.DbException.get(DbException.java:169)
	at org.h2.message.DbException.get(DbException.java:146)
	at org.h2.command.Parser.readTableOrView(Parser.java:4747)
	at org.h2.command.Parser.readTableOrView(Parser.java:4725)
	at org.h2.command.Parser.parseAlterTable(Parser.java:4798)
	at org.h2.command.Parser.parseAlter(Parser.java:4309)
	at org.h2.command.Parser.parsePrepared(Parser.java:306)
	at org.h2.command.Parser.parse(Parser.java:279)
	at org.h2.command.Parser.parse(Parser.java:251)
	at org.h2.command.Parser.prepareCommand(Parser.java:217)
	at org.h2.engine.Session.prepareLocal(Session.java:415)
	at org.h2.engine.Session.prepareCommand(Session.java:364)
	at org.h2.jdbc.JdbcConnection.prepareCommand(JdbcConnection.java:1119)
	at org.h2.jdbc.JdbcStatement.executeUpdateInternal(JdbcStatement.java:121)
	at org.h2.jdbc.JdbcStatement.executeUpdate(JdbcStatement.java:110)
	at net.sf.log4jdbc.sql.jdbcapi.StatementSpy.executeUpdate(StatementSpy.java:767)
	at org.hibernate.tool.hbm2ddl.DatabaseExporter.export(DatabaseExporter.java:64)
	at org.hibernate.tool.hbm2ddl.SchemaExport.perform(SchemaExport.java:418)
	at org.hibernate.tool.hbm2ddl.SchemaExport.execute(SchemaExport.java:372)
	at org.hibernate.tool.hbm2ddl.SchemaExport.create(SchemaExport.java:304)
	at org.hibernate.tool.hbm2ddl.SchemaExport.create(SchemaExport.java:293)
	at org.hibernate.internal.SessionFactoryImpl.<init>(SessionFactoryImpl.java:517)
	at org.hibernate.cfg.Configuration.buildSessionFactory(Configuration.java:1857)
	at org.hibernate.jpa.boot.internal.EntityManagerFactoryBuilderImpl$4.perform(EntityManagerFactoryBuilderImpl.java:850)
	at org.hibernate.jpa.boot.internal.EntityManagerFactoryBuilderImpl$4.perform(EntityManagerFactoryBuilderImpl.java:843)
	at org.hibernate.boot.registry.classloading.internal.ClassLoaderServiceImpl.withTccl(ClassLoaderServiceImpl.java:398)
	at org.hibernate.jpa.boot.internal.EntityManagerFactoryBuilderImpl.build(EntityManagerFactoryBuilderImpl.java:842)
	at org.hibernate.jpa.HibernatePersistenceProvider.createEntityManagerFactory(HibernatePersistenceProvider.java:75)
	at org.hibernate.ejb.HibernatePersistence.createEntityManagerFactory(HibernatePersistence.java:54)
	at javax.persistence.Persistence.createEntityManagerFactory(Persistence.java:55)
	at javax.persistence.Persistence.createEntityManagerFactory(Persistence.java:39)
	at jpaworkshop.test.ExplorationTest.setUp(ExplorationTest.java:30)
	at sun.reflect.NativeMethodAccessorImpl.invoke0(Native Method)
	at sun.reflect.NativeMethodAccessorImpl.invoke(NativeMethodAccessorImpl.java:57)
	at sun.reflect.DelegatingMethodAccessorImpl.invoke(DelegatingMethodAccessorImpl.java:43)
	at java.lang.reflect.Method.invoke(Method.java:606)
	at org.junit.runners.model.FrameworkMethod$1.runReflectiveCall(FrameworkMethod.java:44)
	at org.junit.internal.runners.model.ReflectiveCallable.run(ReflectiveCallable.java:15)
	at org.junit.runners.model.FrameworkMethod.invokeExplosively(FrameworkMethod.java:41)
	at org.junit.internal.runners.statements.RunBefores.evaluate(RunBefores.java:27)
	at org.junit.internal.runners.statements.RunAfters.evaluate(RunAfters.java:31)
	at org.junit.runners.BlockJUnit4ClassRunner.runChild(BlockJUnit4ClassRunner.java:76)
	at org.junit.runners.BlockJUnit4ClassRunner.runChild(BlockJUnit4ClassRunner.java:50)
	at org.junit.runners.ParentRunner$3.run(ParentRunner.java:193)
	at org.junit.runners.ParentRunner$1.schedule(ParentRunner.java:52)
	at org.junit.runners.ParentRunner.runChildren(ParentRunner.java:191)
	at org.junit.runners.ParentRunner.access$000(ParentRunner.java:42)
	at org.junit.runners.ParentRunner$2.evaluate(ParentRunner.java:184)
	at org.junit.runners.ParentRunner.run(ParentRunner.java:236)
	at org.apache.maven.surefire.junit4.JUnit4TestSet.execute(JUnit4TestSet.java:53)
	at org.apache.maven.surefire.junit4.JUnit4Provider.executeTestSet(JUnit4Provider.java:123)
	at org.apache.maven.surefire.junit4.JUnit4Provider.invoke(JUnit4Provider.java:104)
	at sun.reflect.NativeMethodAccessorImpl.invoke0(Native Method)
	at sun.reflect.NativeMethodAccessorImpl.invoke(NativeMethodAccessorImpl.java:57)
	at sun.reflect.DelegatingMethodAccessorImpl.invoke(DelegatingMethodAccessorImpl.java:43)
	at java.lang.reflect.Method.invoke(Method.java:606)
	at org.apache.maven.surefire.util.ReflectionUtils.invokeMethodWithArray(ReflectionUtils.java:164)
	at org.apache.maven.surefire.booter.ProviderFactory$ProviderProxy.invoke(ProviderFactory.java:110)
	at org.apache.maven.surefire.booter.SurefireStarter.invokeProvider(SurefireStarter.java:172)
	at org.apache.maven.surefire.booter.SurefireStarter.runSuitesInProcessWhenForked(SurefireStarter.java:104)
	at org.apache.maven.surefire.booter.ForkedBooter.main(ForkedBooter.java:70)

23:41:13.807 [main] ERROR - 1. Statement.executeUpdate(
    alter table Phone 
        drop constraint FK_1ysl0dhmvb5p4uluea4r1ma4c if exists) FAILED! alter table Phone drop constraint FK_1ysl0dhmvb5p4uluea4r1ma4c if exists  {FAILED after 0 ms}
org.h2.jdbc.JdbcSQLException: Table "PHONE" not found; SQL statement:

    alter table Phone 
        drop constraint FK_1ysl0dhmvb5p4uluea4r1ma4c if exists [42102-159]
	at org.h2.message.DbException.getJdbcSQLException(DbException.java:329)
	at org.h2.message.DbException.get(DbException.java:169)
	at org.h2.message.DbException.get(DbException.java:146)
	at org.h2.command.Parser.readTableOrView(Parser.java:4747)
	at org.h2.command.Parser.readTableOrView(Parser.java:4725)
	at org.h2.command.Parser.parseAlterTable(Parser.java:4798)
	at org.h2.command.Parser.parseAlter(Parser.java:4309)
	at org.h2.command.Parser.parsePrepared(Parser.java:306)
	at org.h2.command.Parser.parse(Parser.java:279)
	at org.h2.command.Parser.parse(Parser.java:251)
	at org.h2.command.Parser.prepareCommand(Parser.java:217)
	at org.h2.engine.Session.prepareLocal(Session.java:415)
	at org.h2.engine.Session.prepareCommand(Session.java:364)
	at org.h2.jdbc.JdbcConnection.prepareCommand(JdbcConnection.java:1119)
	at org.h2.jdbc.JdbcStatement.executeUpdateInternal(JdbcStatement.java:121)
	at org.h2.jdbc.JdbcStatement.executeUpdate(JdbcStatement.java:110)
	at net.sf.log4jdbc.sql.jdbcapi.StatementSpy.executeUpdate(StatementSpy.java:767)
	at org.hibernate.tool.hbm2ddl.DatabaseExporter.export(DatabaseExporter.java:64)
	at org.hibernate.tool.hbm2ddl.SchemaExport.perform(SchemaExport.java:418)
	at org.hibernate.tool.hbm2ddl.SchemaExport.execute(SchemaExport.java:372)
	at org.hibernate.tool.hbm2ddl.SchemaExport.create(SchemaExport.java:304)
	at org.hibernate.tool.hbm2ddl.SchemaExport.create(SchemaExport.java:293)
	at org.hibernate.internal.SessionFactoryImpl.<init>(SessionFactoryImpl.java:517)
	at org.hibernate.cfg.Configuration.buildSessionFactory(Configuration.java:1857)
	at org.hibernate.jpa.boot.internal.EntityManagerFactoryBuilderImpl$4.perform(EntityManagerFactoryBuilderImpl.java:850)
	at org.hibernate.jpa.boot.internal.EntityManagerFactoryBuilderImpl$4.perform(EntityManagerFactoryBuilderImpl.java:843)
	at org.hibernate.boot.registry.classloading.internal.ClassLoaderServiceImpl.withTccl(ClassLoaderServiceImpl.java:398)
	at org.hibernate.jpa.boot.internal.EntityManagerFactoryBuilderImpl.build(EntityManagerFactoryBuilderImpl.java:842)
	at org.hibernate.jpa.HibernatePersistenceProvider.createEntityManagerFactory(HibernatePersistenceProvider.java:75)
	at org.hibernate.ejb.HibernatePersistence.createEntityManagerFactory(HibernatePersistence.java:54)
	at javax.persistence.Persistence.createEntityManagerFactory(Persistence.java:55)
	at javax.persistence.Persistence.createEntityManagerFactory(Persistence.java:39)
	at jpaworkshop.test.ExplorationTest.setUp(ExplorationTest.java:30)
	at sun.reflect.NativeMethodAccessorImpl.invoke0(Native Method)
	at sun.reflect.NativeMethodAccessorImpl.invoke(NativeMethodAccessorImpl.java:57)
	at sun.reflect.DelegatingMethodAccessorImpl.invoke(DelegatingMethodAccessorImpl.java:43)
	at java.lang.reflect.Method.invoke(Method.java:606)
	at org.junit.runners.model.FrameworkMethod$1.runReflectiveCall(FrameworkMethod.java:44)
	at org.junit.internal.runners.model.ReflectiveCallable.run(ReflectiveCallable.java:15)
	at org.junit.runners.model.FrameworkMethod.invokeExplosively(FrameworkMethod.java:41)
	at org.junit.internal.runners.statements.RunBefores.evaluate(RunBefores.java:27)
	at org.junit.internal.runners.statements.RunAfters.evaluate(RunAfters.java:31)
	at org.junit.runners.BlockJUnit4ClassRunner.runChild(BlockJUnit4ClassRunner.java:76)
	at org.junit.runners.BlockJUnit4ClassRunner.runChild(BlockJUnit4ClassRunner.java:50)
	at org.junit.runners.ParentRunner$3.run(ParentRunner.java:193)
	at org.junit.runners.ParentRunner$1.schedule(ParentRunner.java:52)
	at org.junit.runners.ParentRunner.runChildren(ParentRunner.java:191)
	at org.junit.runners.ParentRunner.access$000(ParentRunner.java:42)
	at org.junit.runners.ParentRunner$2.evaluate(ParentRunner.java:184)
	at org.junit.runners.ParentRunner.run(ParentRunner.java:236)
	at org.apache.maven.surefire.junit4.JUnit4TestSet.execute(JUnit4TestSet.java:53)
	at org.apache.maven.surefire.junit4.JUnit4Provider.executeTestSet(JUnit4Provider.java:123)
	at org.apache.maven.surefire.junit4.JUnit4Provider.invoke(JUnit4Provider.java:104)
	at sun.reflect.NativeMethodAccessorImpl.invoke0(Native Method)
	at sun.reflect.NativeMethodAccessorImpl.invoke(NativeMethodAccessorImpl.java:57)
	at sun.reflect.DelegatingMethodAccessorImpl.invoke(DelegatingMethodAccessorImpl.java:43)
	at java.lang.reflect.Method.invoke(Method.java:606)
	at org.apache.maven.surefire.util.ReflectionUtils.invokeMethodWithArray(ReflectionUtils.java:164)
	at org.apache.maven.surefire.booter.ProviderFactory$ProviderProxy.invoke(ProviderFactory.java:110)
	at org.apache.maven.surefire.booter.SurefireStarter.invokeProvider(SurefireStarter.java:172)
	at org.apache.maven.surefire.booter.SurefireStarter.runSuitesInProcessWhenForked(SurefireStarter.java:104)
	at org.apache.maven.surefire.booter.ForkedBooter.main(ForkedBooter.java:70)

23:41:13.808 [main] INFO - 1. drop table Address if exists  {executed in 0 ms}

23:41:13.809 [main] INFO - 1. drop table Department if exists  {executed in 0 ms}

23:41:13.809 [main] INFO - 1. drop table Employee if exists  {executed in 0 ms}

23:41:13.809 [main] INFO - 1. drop table Phone if exists  {executed in 0 ms}

23:41:13.815 [main] INFO - 1. create table Address ( id integer generated by default as identity, city varchar(255), state 
varchar(255), street varchar(255), zip varchar(255), primary key (id) )  {executed in 6 ms}

23:41:13.816 [main] INFO - 1. create table Department ( id integer generated by default as identity, name varchar(255), primary 
key (id) )  {executed in 0 ms}

23:41:13.817 [main] INFO - 1. create table Employee ( id integer generated by default as identity, name varchar(255), salary 
bigint not null, address_id integer, department_id integer, primary key (id) )  {executed in 0 ms}

23:41:13.822 [main] INFO - 1. create table Phone ( id integer generated by default as identity, phonenumber varchar(255), 
type varchar(255), employee_id integer, primary key (id) )  {executed in 1 ms}

23:41:13.829 [main] INFO - 1. alter table Employee add constraint FK_b2uj6gqstji4yr1029cbs0hsv foreign key (address_id) references 
Address  {executed in 7 ms}

23:41:13.833 [main] INFO - 1. alter table Employee add constraint FK_lk0a412kck2kdc6slousi528s foreign key (department_id) 
references Department  {executed in 3 ms}

23:41:13.837 [main] INFO - 1. alter table Phone add constraint FK_1ysl0dhmvb5p4uluea4r1ma4c foreign key (employee_id) references 
Employee  {executed in 3 ms}

23:41:13.950 [main] INFO - 1. insert into Department (id, name) values (null, 'PR')  {executed in 1 ms}

23:41:13.951 [main] INFO - 1. getGeneratedKeys on query: insert into Department (id, name) values (null, 'PR')  {executed in 1 ms}

23:41:13.959 [main] INFO - 
|-----------------|
|scope_identity() |
|-----------------|
|1                |
|-----------------|


23:41:13.965 [main] INFO - 1. insert into Employee (id, address_id, department_id, name, salary) values (null, NULL, NULL, 
'John Doe', 80000)  {executed in 0 ms}

23:41:13.965 [main] INFO - 1. getGeneratedKeys on query: insert into Employee (id, address_id, department_id, name, salary) 
values (null, NULL, NULL, 'John Doe', 80000)  {executed in 0 ms}

23:41:13.966 [main] INFO - 
|-----------------|
|scope_identity() |
|-----------------|
|1                |
|-----------------|


23:41:13.968 [main] INFO - 1. insert into Employee (id, address_id, department_id, name, salary) values (null, NULL, NULL, 
'Jane Dull', 90000)  {executed in 0 ms}

23:41:13.968 [main] INFO - 1. getGeneratedKeys on query: insert into Employee (id, address_id, department_id, name, salary) 
values (null, NULL, NULL, 'Jane Dull', 90000)  {executed in 0 ms}

23:41:13.968 [main] INFO - 
|-----------------|
|scope_identity() |
|-----------------|
|2                |
|-----------------|


23:41:13.971 [main] INFO - 1. insert into Phone (id, employee_id, phonenumber, type) values (null, 1, '032 333 33 33', 'Home')  {executed in 0 ms}

23:41:13.971 [main] INFO - 1. getGeneratedKeys on query: insert into Phone (id, employee_id, phonenumber, type) values (null, 
1, '032 333 33 33', 'Home')  {executed in 0 ms}

23:41:13.972 [main] INFO - 
|-----------------|
|scope_identity() |
|-----------------|
|1                |
|-----------------|


23:41:13.973 [main] INFO - 1. insert into Phone (id, employee_id, phonenumber, type) values (null, 1, '031 999 99 99', 'Work')  {executed in 0 ms}

23:41:13.973 [main] INFO - 1. getGeneratedKeys on query: insert into Phone (id, employee_id, phonenumber, type) values (null, 
1, '031 999 99 99', 'Work')  {executed in 0 ms}

23:41:13.974 [main] INFO - 
|-----------------|
|scope_identity() |
|-----------------|
|2                |
|-----------------|


23:41:13.975 [main] INFO - 1. insert into Phone (id, employee_id, phonenumber, type) values (null, 2, '040 333 33 33', 'Home')  {executed in 0 ms}

23:41:13.975 [main] INFO - 1. getGeneratedKeys on query: insert into Phone (id, employee_id, phonenumber, type) values (null, 
2, '040 333 33 33', 'Home')  {executed in 0 ms}

23:41:13.976 [main] INFO - 
|-----------------|
|scope_identity() |
|-----------------|
|3                |
|-----------------|


23:41:13.977 [main] INFO - 1. insert into Phone (id, employee_id, phonenumber, type) values (null, 2, '040 999 99 99', 'Work')  {executed in 0 ms}

23:41:13.977 [main] INFO - 1. getGeneratedKeys on query: insert into Phone (id, employee_id, phonenumber, type) values (null, 
2, '040 999 99 99', 'Work')  {executed in 0 ms}

23:41:13.977 [main] INFO - 
|-----------------|
|scope_identity() |
|-----------------|
|4                |
|-----------------|


23:41:13.991 [main] INFO - 1. update Employee set address_id=NULL, department_id=1, name='John Doe', salary=80000 where id=1  {executed in 2 ms}

23:41:13.993 [main] INFO - 1. update Employee set address_id=NULL, department_id=1, name='Jane Dull', salary=90000 where 
id=2  {executed in 0 ms}

23:41:14.095 [main] INFO - 1. select department0_.id as id1_1_, department0_.name as name2_1_ from Department department0_ 
where department0_.id=1  {executed in 0 ms}

23:41:14.099 [main] INFO - 
|---|-----|
|id |name |
|---|-----|
|1  |PR   |
|---|-----|


23:41:14.110 [main] INFO - 1. select employees0_.department_id as departme5_1_0_, employees0_.id as id1_2_0_, employees0_.id 
as id1_2_1_, employees0_.address_id as address_4_2_1_, employees0_.department_id as departme5_2_1_, 
employees0_.name as name2_2_1_, employees0_.salary as salary3_2_1_ from Employee employees0_ 
where employees0_.department_id=1 order by employees0_.name desc  {executed in 0 ms}

23:41:14.121 [main] INFO - 
|--------------|---|---|-----------|--------------|----------|-------|
|department_id |id |id |address_id |department_id |name      |salary |
|--------------|---|---|-----------|--------------|----------|-------|
|1             |1  |1  |[null]     |1             |John Doe  |80000  |
|1             |2  |2  |[null]     |1             |Jane Dull |90000  |
|--------------|---|---|-----------|--------------|----------|-------|


23:41:14.124 [main] INFO - 1. select phones0_.employee_id as employee4_2_0_, phones0_.id as id1_3_0_, phones0_.id as id1_3_1_, 
phones0_.employee_id as employee4_3_1_, phones0_.phonenumber as phonenum2_3_1_, phones0_.type 
as type3_3_1_ from Phone phones0_ where phones0_.employee_id=1  {executed in 1 ms}

23:41:14.126 [main] INFO - 
|------------|---|---|------------|--------------|-----|
|employee_id |id |id |employee_id |phonenumber   |type |
|------------|---|---|------------|--------------|-----|
|1           |1  |1  |1           |032 333 33 33 |Home |
|1           |2  |2  |1           |031 999 99 99 |Work |
|------------|---|---|------------|--------------|-----|


23:41:14.129 [main] INFO - 1. select phones0_.employee_id as employee4_2_0_, phones0_.id as id1_3_0_, phones0_.id as id1_3_1_, 
phones0_.employee_id as employee4_3_1_, phones0_.phonenumber as phonenum2_3_1_, phones0_.type 
as type3_3_1_ from Phone phones0_ where phones0_.employee_id=2  {executed in 0 ms}

23:41:14.132 [main] INFO - 
|------------|---|---|------------|--------------|-----|
|employee_id |id |id |employee_id |phonenumber   |type |
|------------|---|---|------------|--------------|-----|
|2           |3  |3  |2           |040 333 33 33 |Home |
|2           |4  |4  |2           |040 999 99 99 |Work |
|------------|---|---|------------|--------------|-----|


23:41:14.136 [main] INFO - 1. alter table Employee drop constraint FK_b2uj6gqstji4yr1029cbs0hsv if exists  {executed in 1 ms}

23:41:14.137 [main] INFO - 1. alter table Employee drop constraint FK_lk0a412kck2kdc6slousi528s if exists  {executed in 1 ms}

23:41:14.137 [main] INFO - 1. alter table Phone drop constraint FK_1ysl0dhmvb5p4uluea4r1ma4c if exists  {executed in 0 ms}

23:41:14.138 [main] INFO - 1. drop table Address if exists  {executed in 1 ms}

23:41:14.138 [main] INFO - 1. drop table Department if exists  {executed in 0 ms}

23:41:14.139 [main] INFO - 1. drop table Employee if exists  {executed in 0 ms}

23:41:14.140 [main] INFO - 1. drop table Phone if exists  {executed in 1 ms}

23:41:14.141 [main] INFO - 1. Connection closed. {executed in 1ms} 

